May 04, 2014 8:57:00 PM org.apache.catalina.core.AprLifecycleListener init
INFO: The APR based Apache Tomcat Native library which allows optimal performance in production environments was not found on the java.library.path: /Users/adrian/Library/Java/Extensions:/Library/Java/Extensions:/Network/Library/Java/Extensions:/System/Library/Java/Extensions:/usr/lib/java:.
May 04, 2014 8:57:00 PM org.apache.coyote.AbstractProtocol init
INFO: Initializing ProtocolHandler ["http-bio-8080"]
May 04, 2014 8:57:00 PM org.apache.coyote.AbstractProtocol init
INFO: Initializing ProtocolHandler ["ajp-bio-8009"]
May 04, 2014 8:57:00 PM org.apache.catalina.startup.Catalina load
INFO: Initialization processed in 687 ms
May 04, 2014 8:57:00 PM org.apache.catalina.core.StandardService startInternal
INFO: Starting service Catalina
May 04, 2014 8:57:00 PM org.apache.catalina.core.StandardEngine startInternal
INFO: Starting Servlet Engine: Apache Tomcat/7.0.52
May 04, 2014 8:57:00 PM org.apache.catalina.startup.HostConfig deployDirectory
INFO: Deploying web application directory /Users/adrian/Desktop/O/Enero2014/AMSS/apache-tomcat-7.0.52/webapps/Cajero
May 04, 2014 8:57:01 PM org.apache.catalina.util.SessionIdGenerator createSecureRandom
INFO: Creation of SecureRandom instance for session ID generation using [SHA1PRNG] took [307] milliseconds.
May 04, 2014 8:57:01 PM org.apache.catalina.startup.HostConfig deployDirectory
INFO: Deploying web application directory /Users/adrian/Desktop/O/Enero2014/AMSS/apache-tomcat-7.0.52/webapps/docs
May 04, 2014 8:57:01 PM org.apache.catalina.startup.HostConfig deployDirectory
INFO: Deploying web application directory /Users/adrian/Desktop/O/Enero2014/AMSS/apache-tomcat-7.0.52/webapps/examples
May 04, 2014 8:57:02 PM org.apache.catalina.startup.HostConfig deployDirectory
INFO: Deploying web application directory /Users/adrian/Desktop/O/Enero2014/AMSS/apache-tomcat-7.0.52/webapps/host-manager
May 04, 2014 8:57:02 PM org.apache.catalina.startup.HostConfig deployDirectory
INFO: Deploying web application directory /Users/adrian/Desktop/O/Enero2014/AMSS/apache-tomcat-7.0.52/webapps/manager
May 04, 2014 8:57:02 PM org.apache.catalina.startup.HostConfig deployDirectory
INFO: Deploying web application directory /Users/adrian/Desktop/O/Enero2014/AMSS/apache-tomcat-7.0.52/webapps/ROOT
May 04, 2014 8:57:02 PM org.apache.coyote.AbstractProtocol start
INFO: Starting ProtocolHandler ["http-bio-8080"]
May 04, 2014 8:57:02 PM org.apache.coyote.AbstractProtocol start
INFO: Starting ProtocolHandler ["ajp-bio-8009"]
May 04, 2014 8:57:02 PM org.apache.catalina.startup.Catalina start
INFO: Server startup in 2004 ms
May 04, 2014 10:08:47 PM org.apache.catalina.core.StandardServer await
INFO: A valid shutdown command was received via the shutdown port. Stopping the Server instance.
May 04, 2014 10:08:47 PM org.apache.coyote.AbstractProtocol pause
INFO: Pausing ProtocolHandler ["http-bio-8080"]
May 04, 2014 10:08:47 PM org.apache.coyote.AbstractProtocol pause
INFO: Pausing ProtocolHandler ["ajp-bio-8009"]
May 04, 2014 10:08:47 PM org.apache.catalina.core.StandardService stopInternal
INFO: Stopping service Catalina
May 04, 2014 10:08:47 PM org.apache.catalina.loader.WebappClassLoader clearReferencesThreads
SEVERE: The web application [/Cajero] appears to have started a thread named [Abandoned connection cleanup thread] but has failed to stop it. This is very likely to create a memory leak.
May 04, 2014 10:08:47 PM org.apache.coyote.AbstractProtocol stop
INFO: Stopping ProtocolHandler ["http-bio-8080"]
May 04, 2014 10:08:47 PM org.apache.coyote.AbstractProtocol stop
INFO: Stopping ProtocolHandler ["ajp-bio-8009"]
May 04, 2014 10:08:47 PM org.apache.coyote.AbstractProtocol destroy
INFO: Destroying ProtocolHandler ["http-bio-8080"]
May 04, 2014 10:08:47 PM org.apache.coyote.AbstractProtocol destroy
INFO: Destroying ProtocolHandler ["ajp-bio-8009"]
May 04, 2014 10:15:30 PM org.apache.catalina.core.AprLifecycleListener init
INFO: The APR based Apache Tomcat Native library which allows optimal performance in production environments was not found on the java.library.path: /Users/adrian/Library/Java/Extensions:/Library/Java/Extensions:/Network/Library/Java/Extensions:/System/Library/Java/Extensions:/usr/lib/java:.
May 04, 2014 10:15:30 PM org.apache.coyote.AbstractProtocol init
INFO: Initializing ProtocolHandler ["http-bio-8080"]
May 04, 2014 10:15:31 PM org.apache.coyote.AbstractProtocol init
INFO: Initializing ProtocolHandler ["ajp-bio-8009"]
May 04, 2014 10:15:31 PM org.apache.catalina.startup.Catalina load
INFO: Initialization processed in 483 ms
May 04, 2014 10:15:31 PM org.apache.catalina.core.StandardService startInternal
INFO: Starting service Catalina
May 04, 2014 10:15:31 PM org.apache.catalina.core.StandardEngine startInternal
INFO: Starting Servlet Engine: Apache Tomcat/7.0.52
May 04, 2014 10:15:31 PM org.apache.catalina.startup.HostConfig deployDirectory
INFO: Deploying web application directory /Users/adrian/Desktop/O/Enero2014/AMSS/apache-tomcat-7.0.52/webapps/AMSSProject
May 04, 2014 10:15:31 PM org.apache.catalina.util.SessionIdGenerator createSecureRandom
INFO: Creation of SecureRandom instance for session ID generation using [SHA1PRNG] took [233] milliseconds.
May 04, 2014 10:15:31 PM org.apache.catalina.startup.HostConfig deployDirectory
INFO: Deploying web application directory /Users/adrian/Desktop/O/Enero2014/AMSS/apache-tomcat-7.0.52/webapps/Cajero
May 04, 2014 10:15:32 PM org.apache.catalina.startup.HostConfig deployDirectory
INFO: Deploying web application directory /Users/adrian/Desktop/O/Enero2014/AMSS/apache-tomcat-7.0.52/webapps/docs
May 04, 2014 10:15:32 PM org.apache.catalina.startup.HostConfig deployDirectory
INFO: Deploying web application directory /Users/adrian/Desktop/O/Enero2014/AMSS/apache-tomcat-7.0.52/webapps/examples
May 04, 2014 10:15:32 PM org.apache.catalina.startup.HostConfig deployDirectory
INFO: Deploying web application directory /Users/adrian/Desktop/O/Enero2014/AMSS/apache-tomcat-7.0.52/webapps/host-manager
May 04, 2014 10:15:32 PM org.apache.catalina.startup.HostConfig deployDirectory
INFO: Deploying web application directory /Users/adrian/Desktop/O/Enero2014/AMSS/apache-tomcat-7.0.52/webapps/manager
May 04, 2014 10:15:32 PM org.apache.catalina.startup.HostConfig deployDirectory
INFO: Deploying web application directory /Users/adrian/Desktop/O/Enero2014/AMSS/apache-tomcat-7.0.52/webapps/ROOT
May 04, 2014 10:15:32 PM org.apache.coyote.AbstractProtocol start
INFO: Starting ProtocolHandler ["http-bio-8080"]
May 04, 2014 10:15:33 PM org.apache.coyote.AbstractProtocol start
INFO: Starting ProtocolHandler ["ajp-bio-8009"]
May 04, 2014 10:15:33 PM org.apache.catalina.startup.Catalina start
INFO: Server startup in 1971 ms
