May 04, 2014 8:57:02 PM org.apache.catalina.core.ApplicationContext log
INFO: ContextListener: contextInitialized()
May 04, 2014 8:57:02 PM org.apache.catalina.core.ApplicationContext log
INFO: SessionListener: contextInitialized()
May 04, 2014 8:57:02 PM org.apache.catalina.core.ApplicationContext log
INFO: ContextListener: attributeAdded('org.apache.jasper.compiler.TldLocationsCache', 'org.apache.jasper.compiler.TldLocationsCache@334e9cde')
May 04, 2014 8:58:28 PM org.apache.catalina.core.StandardWrapperValve invoke
SEVERE: Servlet.service() for servlet [Extraer] in context with path [/Cajero] threw exception
java.lang.NullPointerException
	at entidades.Cuenta.validar(Cuenta.java:22)
	at controles.ControlExtraccion.validarCuenta(ControlExtraccion.java:13)
	at interfaces.InterfazExtraccion.validarCuenta(InterfazExtraccion.java:65)
	at interfaces.InterfazExtraccion.doGet(InterfazExtraccion.java:39)
	at javax.servlet.http.HttpServlet.service(HttpServlet.java:620)
	at javax.servlet.http.HttpServlet.service(HttpServlet.java:727)
	at org.apache.catalina.core.ApplicationFilterChain.internalDoFilter(ApplicationFilterChain.java:303)
	at org.apache.catalina.core.ApplicationFilterChain.doFilter(ApplicationFilterChain.java:208)
	at org.apache.tomcat.websocket.server.WsFilter.doFilter(WsFilter.java:52)
	at org.apache.catalina.core.ApplicationFilterChain.internalDoFilter(ApplicationFilterChain.java:241)
	at org.apache.catalina.core.ApplicationFilterChain.doFilter(ApplicationFilterChain.java:208)
	at org.apache.catalina.core.StandardWrapperValve.invoke(StandardWrapperValve.java:220)
	at org.apache.catalina.core.StandardContextValve.invoke(StandardContextValve.java:122)
	at org.apache.catalina.authenticator.AuthenticatorBase.invoke(AuthenticatorBase.java:501)
	at org.apache.catalina.core.StandardHostValve.invoke(StandardHostValve.java:170)
	at org.apache.catalina.valves.ErrorReportValve.invoke(ErrorReportValve.java:98)
	at org.apache.catalina.valves.AccessLogValve.invoke(AccessLogValve.java:950)
	at org.apache.catalina.core.StandardEngineValve.invoke(StandardEngineValve.java:116)
	at org.apache.catalina.connector.CoyoteAdapter.service(CoyoteAdapter.java:408)
	at org.apache.coyote.http11.AbstractHttp11Processor.process(AbstractHttp11Processor.java:1040)
	at org.apache.coyote.AbstractProtocol$AbstractConnectionHandler.process(AbstractProtocol.java:607)
	at org.apache.tomcat.util.net.JIoEndpoint$SocketProcessor.run(JIoEndpoint.java:315)
	at java.util.concurrent.ThreadPoolExecutor.runWorker(ThreadPoolExecutor.java:1145)
	at java.util.concurrent.ThreadPoolExecutor$Worker.run(ThreadPoolExecutor.java:615)
	at java.lang.Thread.run(Thread.java:744)

May 04, 2014 8:58:32 PM org.apache.catalina.core.StandardWrapperValve invoke
SEVERE: Servlet.service() for servlet [Extraer] in context with path [/Cajero] threw exception
java.lang.NumberFormatException: For input string: "adrian"
	at java.lang.NumberFormatException.forInputString(NumberFormatException.java:65)
	at java.lang.Integer.parseInt(Integer.java:492)
	at java.lang.Integer.parseInt(Integer.java:527)
	at interfaces.InterfazExtraccion.validarCuenta(InterfazExtraccion.java:64)
	at interfaces.InterfazExtraccion.doGet(InterfazExtraccion.java:39)
	at javax.servlet.http.HttpServlet.service(HttpServlet.java:620)
	at javax.servlet.http.HttpServlet.service(HttpServlet.java:727)
	at org.apache.catalina.core.ApplicationFilterChain.internalDoFilter(ApplicationFilterChain.java:303)
	at org.apache.catalina.core.ApplicationFilterChain.doFilter(ApplicationFilterChain.java:208)
	at org.apache.tomcat.websocket.server.WsFilter.doFilter(WsFilter.java:52)
	at org.apache.catalina.core.ApplicationFilterChain.internalDoFilter(ApplicationFilterChain.java:241)
	at org.apache.catalina.core.ApplicationFilterChain.doFilter(ApplicationFilterChain.java:208)
	at org.apache.catalina.core.StandardWrapperValve.invoke(StandardWrapperValve.java:220)
	at org.apache.catalina.core.StandardContextValve.invoke(StandardContextValve.java:122)
	at org.apache.catalina.authenticator.AuthenticatorBase.invoke(AuthenticatorBase.java:501)
	at org.apache.catalina.core.StandardHostValve.invoke(StandardHostValve.java:170)
	at org.apache.catalina.valves.ErrorReportValve.invoke(ErrorReportValve.java:98)
	at org.apache.catalina.valves.AccessLogValve.invoke(AccessLogValve.java:950)
	at org.apache.catalina.core.StandardEngineValve.invoke(StandardEngineValve.java:116)
	at org.apache.catalina.connector.CoyoteAdapter.service(CoyoteAdapter.java:408)
	at org.apache.coyote.http11.AbstractHttp11Processor.process(AbstractHttp11Processor.java:1040)
	at org.apache.coyote.AbstractProtocol$AbstractConnectionHandler.process(AbstractProtocol.java:607)
	at org.apache.tomcat.util.net.JIoEndpoint$SocketProcessor.run(JIoEndpoint.java:313)
	at java.util.concurrent.ThreadPoolExecutor.runWorker(ThreadPoolExecutor.java:1145)
	at java.util.concurrent.ThreadPoolExecutor$Worker.run(ThreadPoolExecutor.java:615)
	at java.lang.Thread.run(Thread.java:744)

May 04, 2014 8:59:40 PM org.apache.catalina.core.StandardWrapperValve invoke
SEVERE: Servlet.service() for servlet [Extraer] in context with path [/Cajero] threw exception
java.lang.NullPointerException
	at entidades.Cuenta.validar(Cuenta.java:22)
	at controles.ControlExtraccion.validarCuenta(ControlExtraccion.java:13)
	at interfaces.InterfazExtraccion.validarCuenta(InterfazExtraccion.java:65)
	at interfaces.InterfazExtraccion.doGet(InterfazExtraccion.java:39)
	at javax.servlet.http.HttpServlet.service(HttpServlet.java:620)
	at javax.servlet.http.HttpServlet.service(HttpServlet.java:727)
	at org.apache.catalina.core.ApplicationFilterChain.internalDoFilter(ApplicationFilterChain.java:303)
	at org.apache.catalina.core.ApplicationFilterChain.doFilter(ApplicationFilterChain.java:208)
	at org.apache.tomcat.websocket.server.WsFilter.doFilter(WsFilter.java:52)
	at org.apache.catalina.core.ApplicationFilterChain.internalDoFilter(ApplicationFilterChain.java:241)
	at org.apache.catalina.core.ApplicationFilterChain.doFilter(ApplicationFilterChain.java:208)
	at org.apache.catalina.core.StandardWrapperValve.invoke(StandardWrapperValve.java:220)
	at org.apache.catalina.core.StandardContextValve.invoke(StandardContextValve.java:122)
	at org.apache.catalina.authenticator.AuthenticatorBase.invoke(AuthenticatorBase.java:501)
	at org.apache.catalina.core.StandardHostValve.invoke(StandardHostValve.java:170)
	at org.apache.catalina.valves.ErrorReportValve.invoke(ErrorReportValve.java:98)
	at org.apache.catalina.valves.AccessLogValve.invoke(AccessLogValve.java:950)
	at org.apache.catalina.core.StandardEngineValve.invoke(StandardEngineValve.java:116)
	at org.apache.catalina.connector.CoyoteAdapter.service(CoyoteAdapter.java:408)
	at org.apache.coyote.http11.AbstractHttp11Processor.process(AbstractHttp11Processor.java:1040)
	at org.apache.coyote.AbstractProtocol$AbstractConnectionHandler.process(AbstractProtocol.java:607)
	at org.apache.tomcat.util.net.JIoEndpoint$SocketProcessor.run(JIoEndpoint.java:313)
	at java.util.concurrent.ThreadPoolExecutor.runWorker(ThreadPoolExecutor.java:1145)
	at java.util.concurrent.ThreadPoolExecutor$Worker.run(ThreadPoolExecutor.java:615)
	at java.lang.Thread.run(Thread.java:744)

May 04, 2014 8:59:53 PM org.apache.catalina.core.StandardWrapperValve invoke
SEVERE: Servlet.service() for servlet [Extraer] in context with path [/Cajero] threw exception
java.lang.NullPointerException
	at entidades.Cuenta.validar(Cuenta.java:22)
	at controles.ControlExtraccion.validarCuenta(ControlExtraccion.java:13)
	at interfaces.InterfazExtraccion.validarCuenta(InterfazExtraccion.java:65)
	at interfaces.InterfazExtraccion.doGet(InterfazExtraccion.java:39)
	at javax.servlet.http.HttpServlet.service(HttpServlet.java:620)
	at javax.servlet.http.HttpServlet.service(HttpServlet.java:727)
	at org.apache.catalina.core.ApplicationFilterChain.internalDoFilter(ApplicationFilterChain.java:303)
	at org.apache.catalina.core.ApplicationFilterChain.doFilter(ApplicationFilterChain.java:208)
	at org.apache.tomcat.websocket.server.WsFilter.doFilter(WsFilter.java:52)
	at org.apache.catalina.core.ApplicationFilterChain.internalDoFilter(ApplicationFilterChain.java:241)
	at org.apache.catalina.core.ApplicationFilterChain.doFilter(ApplicationFilterChain.java:208)
	at org.apache.catalina.core.StandardWrapperValve.invoke(StandardWrapperValve.java:220)
	at org.apache.catalina.core.StandardContextValve.invoke(StandardContextValve.java:122)
	at org.apache.catalina.authenticator.AuthenticatorBase.invoke(AuthenticatorBase.java:501)
	at org.apache.catalina.core.StandardHostValve.invoke(StandardHostValve.java:170)
	at org.apache.catalina.valves.ErrorReportValve.invoke(ErrorReportValve.java:98)
	at org.apache.catalina.valves.AccessLogValve.invoke(AccessLogValve.java:950)
	at org.apache.catalina.core.StandardEngineValve.invoke(StandardEngineValve.java:116)
	at org.apache.catalina.connector.CoyoteAdapter.service(CoyoteAdapter.java:408)
	at org.apache.coyote.http11.AbstractHttp11Processor.process(AbstractHttp11Processor.java:1040)
	at org.apache.coyote.AbstractProtocol$AbstractConnectionHandler.process(AbstractProtocol.java:607)
	at org.apache.tomcat.util.net.JIoEndpoint$SocketProcessor.run(JIoEndpoint.java:315)
	at java.util.concurrent.ThreadPoolExecutor.runWorker(ThreadPoolExecutor.java:1145)
	at java.util.concurrent.ThreadPoolExecutor$Worker.run(ThreadPoolExecutor.java:615)
	at java.lang.Thread.run(Thread.java:744)

May 04, 2014 9:22:47 PM org.apache.catalina.core.StandardWrapperValve invoke
SEVERE: Servlet.service() for servlet [Extraer] in context with path [/Cajero] threw exception
java.lang.NullPointerException
	at entidades.Cuenta.validar(Cuenta.java:22)
	at controles.ControlExtraccion.validarCuenta(ControlExtraccion.java:13)
	at interfaces.InterfazExtraccion.validarCuenta(InterfazExtraccion.java:65)
	at interfaces.InterfazExtraccion.doGet(InterfazExtraccion.java:39)
	at javax.servlet.http.HttpServlet.service(HttpServlet.java:620)
	at javax.servlet.http.HttpServlet.service(HttpServlet.java:727)
	at org.apache.catalina.core.ApplicationFilterChain.internalDoFilter(ApplicationFilterChain.java:303)
	at org.apache.catalina.core.ApplicationFilterChain.doFilter(ApplicationFilterChain.java:208)
	at org.apache.tomcat.websocket.server.WsFilter.doFilter(WsFilter.java:52)
	at org.apache.catalina.core.ApplicationFilterChain.internalDoFilter(ApplicationFilterChain.java:241)
	at org.apache.catalina.core.ApplicationFilterChain.doFilter(ApplicationFilterChain.java:208)
	at org.apache.catalina.core.StandardWrapperValve.invoke(StandardWrapperValve.java:220)
	at org.apache.catalina.core.StandardContextValve.invoke(StandardContextValve.java:122)
	at org.apache.catalina.authenticator.AuthenticatorBase.invoke(AuthenticatorBase.java:501)
	at org.apache.catalina.core.StandardHostValve.invoke(StandardHostValve.java:170)
	at org.apache.catalina.valves.ErrorReportValve.invoke(ErrorReportValve.java:98)
	at org.apache.catalina.valves.AccessLogValve.invoke(AccessLogValve.java:950)
	at org.apache.catalina.core.StandardEngineValve.invoke(StandardEngineValve.java:116)
	at org.apache.catalina.connector.CoyoteAdapter.service(CoyoteAdapter.java:408)
	at org.apache.coyote.http11.AbstractHttp11Processor.process(AbstractHttp11Processor.java:1040)
	at org.apache.coyote.AbstractProtocol$AbstractConnectionHandler.process(AbstractProtocol.java:607)
	at org.apache.tomcat.util.net.JIoEndpoint$SocketProcessor.run(JIoEndpoint.java:315)
	at java.util.concurrent.ThreadPoolExecutor.runWorker(ThreadPoolExecutor.java:1145)
	at java.util.concurrent.ThreadPoolExecutor$Worker.run(ThreadPoolExecutor.java:615)
	at java.lang.Thread.run(Thread.java:744)

May 04, 2014 10:08:47 PM org.apache.catalina.core.ApplicationContext log
INFO: SessionListener: contextDestroyed()
May 04, 2014 10:08:47 PM org.apache.catalina.core.ApplicationContext log
INFO: ContextListener: contextDestroyed()
May 04, 2014 10:15:32 PM org.apache.catalina.core.ApplicationContext log
INFO: ContextListener: contextInitialized()
May 04, 2014 10:15:32 PM org.apache.catalina.core.ApplicationContext log
INFO: SessionListener: contextInitialized()
May 04, 2014 10:15:32 PM org.apache.catalina.core.ApplicationContext log
INFO: ContextListener: attributeAdded('org.apache.jasper.compiler.TldLocationsCache', 'org.apache.jasper.compiler.TldLocationsCache@34be77d8')
May 04, 2014 10:15:46 PM org.apache.catalina.core.StandardWrapperValve invoke
SEVERE: Servlet.service() for servlet [Extraer] in context with path [/AMSSProject] threw exception
java.lang.NullPointerException
	at entidades.Cuenta.validar(Cuenta.java:22)
	at controles.ControlExtraccion.validarCuenta(ControlExtraccion.java:13)
	at interfaces.InterfazExtraccion.validarCuenta(InterfazExtraccion.java:65)
	at interfaces.InterfazExtraccion.doGet(InterfazExtraccion.java:39)
	at javax.servlet.http.HttpServlet.service(HttpServlet.java:620)
	at javax.servlet.http.HttpServlet.service(HttpServlet.java:727)
	at org.apache.catalina.core.ApplicationFilterChain.internalDoFilter(ApplicationFilterChain.java:303)
	at org.apache.catalina.core.ApplicationFilterChain.doFilter(ApplicationFilterChain.java:208)
	at org.apache.tomcat.websocket.server.WsFilter.doFilter(WsFilter.java:52)
	at org.apache.catalina.core.ApplicationFilterChain.internalDoFilter(ApplicationFilterChain.java:241)
	at org.apache.catalina.core.ApplicationFilterChain.doFilter(ApplicationFilterChain.java:208)
	at org.apache.catalina.core.StandardWrapperValve.invoke(StandardWrapperValve.java:220)
	at org.apache.catalina.core.StandardContextValve.invoke(StandardContextValve.java:122)
	at org.apache.catalina.authenticator.AuthenticatorBase.invoke(AuthenticatorBase.java:501)
	at org.apache.catalina.core.StandardHostValve.invoke(StandardHostValve.java:170)
	at org.apache.catalina.valves.ErrorReportValve.invoke(ErrorReportValve.java:98)
	at org.apache.catalina.valves.AccessLogValve.invoke(AccessLogValve.java:950)
	at org.apache.catalina.core.StandardEngineValve.invoke(StandardEngineValve.java:116)
	at org.apache.catalina.connector.CoyoteAdapter.service(CoyoteAdapter.java:408)
	at org.apache.coyote.http11.AbstractHttp11Processor.process(AbstractHttp11Processor.java:1040)
	at org.apache.coyote.AbstractProtocol$AbstractConnectionHandler.process(AbstractProtocol.java:607)
	at org.apache.tomcat.util.net.JIoEndpoint$SocketProcessor.run(JIoEndpoint.java:315)
	at java.util.concurrent.ThreadPoolExecutor.runWorker(ThreadPoolExecutor.java:1145)
	at java.util.concurrent.ThreadPoolExecutor$Worker.run(ThreadPoolExecutor.java:615)
	at java.lang.Thread.run(Thread.java:744)

May 04, 2014 10:15:50 PM org.apache.catalina.core.StandardWrapperValve invoke
SEVERE: Servlet.service() for servlet [Extraer] in context with path [/AMSSProject] threw exception
java.lang.NullPointerException
	at entidades.Cuenta.validar(Cuenta.java:22)
	at controles.ControlExtraccion.validarCuenta(ControlExtraccion.java:13)
	at interfaces.InterfazExtraccion.validarCuenta(InterfazExtraccion.java:65)
	at interfaces.InterfazExtraccion.doGet(InterfazExtraccion.java:39)
	at javax.servlet.http.HttpServlet.service(HttpServlet.java:620)
	at javax.servlet.http.HttpServlet.service(HttpServlet.java:727)
	at org.apache.catalina.core.ApplicationFilterChain.internalDoFilter(ApplicationFilterChain.java:303)
	at org.apache.catalina.core.ApplicationFilterChain.doFilter(ApplicationFilterChain.java:208)
	at org.apache.tomcat.websocket.server.WsFilter.doFilter(WsFilter.java:52)
	at org.apache.catalina.core.ApplicationFilterChain.internalDoFilter(ApplicationFilterChain.java:241)
	at org.apache.catalina.core.ApplicationFilterChain.doFilter(ApplicationFilterChain.java:208)
	at org.apache.catalina.core.StandardWrapperValve.invoke(StandardWrapperValve.java:220)
	at org.apache.catalina.core.StandardContextValve.invoke(StandardContextValve.java:122)
	at org.apache.catalina.authenticator.AuthenticatorBase.invoke(AuthenticatorBase.java:501)
	at org.apache.catalina.core.StandardHostValve.invoke(StandardHostValve.java:170)
	at org.apache.catalina.valves.ErrorReportValve.invoke(ErrorReportValve.java:98)
	at org.apache.catalina.valves.AccessLogValve.invoke(AccessLogValve.java:950)
	at org.apache.catalina.core.StandardEngineValve.invoke(StandardEngineValve.java:116)
	at org.apache.catalina.connector.CoyoteAdapter.service(CoyoteAdapter.java:408)
	at org.apache.coyote.http11.AbstractHttp11Processor.process(AbstractHttp11Processor.java:1040)
	at org.apache.coyote.AbstractProtocol$AbstractConnectionHandler.process(AbstractProtocol.java:607)
	at org.apache.tomcat.util.net.JIoEndpoint$SocketProcessor.run(JIoEndpoint.java:313)
	at java.util.concurrent.ThreadPoolExecutor.runWorker(ThreadPoolExecutor.java:1145)
	at java.util.concurrent.ThreadPoolExecutor$Worker.run(ThreadPoolExecutor.java:615)
	at java.lang.Thread.run(Thread.java:744)

May 04, 2014 10:15:55 PM org.apache.catalina.core.StandardWrapperValve invoke
SEVERE: Servlet.service() for servlet [Consulta] in context with path [/AMSSProject] threw exception
java.lang.NullPointerException
	at interfaces.InterfazConsulta.validarCuenta(InterfazConsulta.java:60)
	at interfaces.InterfazConsulta.doGet(InterfazConsulta.java:36)
	at javax.servlet.http.HttpServlet.service(HttpServlet.java:620)
	at javax.servlet.http.HttpServlet.service(HttpServlet.java:727)
	at org.apache.catalina.core.ApplicationFilterChain.internalDoFilter(ApplicationFilterChain.java:303)
	at org.apache.catalina.core.ApplicationFilterChain.doFilter(ApplicationFilterChain.java:208)
	at org.apache.tomcat.websocket.server.WsFilter.doFilter(WsFilter.java:52)
	at org.apache.catalina.core.ApplicationFilterChain.internalDoFilter(ApplicationFilterChain.java:241)
	at org.apache.catalina.core.ApplicationFilterChain.doFilter(ApplicationFilterChain.java:208)
	at org.apache.catalina.core.StandardWrapperValve.invoke(StandardWrapperValve.java:220)
	at org.apache.catalina.core.StandardContextValve.invoke(StandardContextValve.java:122)
	at org.apache.catalina.authenticator.AuthenticatorBase.invoke(AuthenticatorBase.java:501)
	at org.apache.catalina.core.StandardHostValve.invoke(StandardHostValve.java:170)
	at org.apache.catalina.valves.ErrorReportValve.invoke(ErrorReportValve.java:98)
	at org.apache.catalina.valves.AccessLogValve.invoke(AccessLogValve.java:950)
	at org.apache.catalina.core.StandardEngineValve.invoke(StandardEngineValve.java:116)
	at org.apache.catalina.connector.CoyoteAdapter.service(CoyoteAdapter.java:408)
	at org.apache.coyote.http11.AbstractHttp11Processor.process(AbstractHttp11Processor.java:1040)
	at org.apache.coyote.AbstractProtocol$AbstractConnectionHandler.process(AbstractProtocol.java:607)
	at org.apache.tomcat.util.net.JIoEndpoint$SocketProcessor.run(JIoEndpoint.java:315)
	at java.util.concurrent.ThreadPoolExecutor.runWorker(ThreadPoolExecutor.java:1145)
	at java.util.concurrent.ThreadPoolExecutor$Worker.run(ThreadPoolExecutor.java:615)
	at java.lang.Thread.run(Thread.java:744)

May 04, 2014 10:18:25 PM org.apache.catalina.core.StandardWrapperValve invoke
SEVERE: Servlet.service() for servlet [Consulta] in context with path [/AMSSProject] threw exception
java.lang.NullPointerException
	at interfaces.InterfazConsulta.validarCuenta(InterfazConsulta.java:60)
	at interfaces.InterfazConsulta.doGet(InterfazConsulta.java:36)
	at javax.servlet.http.HttpServlet.service(HttpServlet.java:620)
	at javax.servlet.http.HttpServlet.service(HttpServlet.java:727)
	at org.apache.catalina.core.ApplicationFilterChain.internalDoFilter(ApplicationFilterChain.java:303)
	at org.apache.catalina.core.ApplicationFilterChain.doFilter(ApplicationFilterChain.java:208)
	at org.apache.tomcat.websocket.server.WsFilter.doFilter(WsFilter.java:52)
	at org.apache.catalina.core.ApplicationFilterChain.internalDoFilter(ApplicationFilterChain.java:241)
	at org.apache.catalina.core.ApplicationFilterChain.doFilter(ApplicationFilterChain.java:208)
	at org.apache.catalina.core.StandardWrapperValve.invoke(StandardWrapperValve.java:220)
	at org.apache.catalina.core.StandardContextValve.invoke(StandardContextValve.java:122)
	at org.apache.catalina.authenticator.AuthenticatorBase.invoke(AuthenticatorBase.java:501)
	at org.apache.catalina.core.StandardHostValve.invoke(StandardHostValve.java:170)
	at org.apache.catalina.valves.ErrorReportValve.invoke(ErrorReportValve.java:98)
	at org.apache.catalina.valves.AccessLogValve.invoke(AccessLogValve.java:950)
	at org.apache.catalina.core.StandardEngineValve.invoke(StandardEngineValve.java:116)
	at org.apache.catalina.connector.CoyoteAdapter.service(CoyoteAdapter.java:408)
	at org.apache.coyote.http11.AbstractHttp11Processor.process(AbstractHttp11Processor.java:1040)
	at org.apache.coyote.AbstractProtocol$AbstractConnectionHandler.process(AbstractProtocol.java:607)
	at org.apache.tomcat.util.net.JIoEndpoint$SocketProcessor.run(JIoEndpoint.java:313)
	at java.util.concurrent.ThreadPoolExecutor.runWorker(ThreadPoolExecutor.java:1145)
	at java.util.concurrent.ThreadPoolExecutor$Worker.run(ThreadPoolExecutor.java:615)
	at java.lang.Thread.run(Thread.java:744)

May 04, 2014 10:18:27 PM org.apache.catalina.core.StandardWrapperValve invoke
SEVERE: Servlet.service() for servlet [Consulta] in context with path [/AMSSProject] threw exception
java.lang.NullPointerException
	at interfaces.InterfazConsulta.validarCuenta(InterfazConsulta.java:60)
	at interfaces.InterfazConsulta.doGet(InterfazConsulta.java:36)
	at javax.servlet.http.HttpServlet.service(HttpServlet.java:620)
	at javax.servlet.http.HttpServlet.service(HttpServlet.java:727)
	at org.apache.catalina.core.ApplicationFilterChain.internalDoFilter(ApplicationFilterChain.java:303)
	at org.apache.catalina.core.ApplicationFilterChain.doFilter(ApplicationFilterChain.java:208)
	at org.apache.tomcat.websocket.server.WsFilter.doFilter(WsFilter.java:52)
	at org.apache.catalina.core.ApplicationFilterChain.internalDoFilter(ApplicationFilterChain.java:241)
	at org.apache.catalina.core.ApplicationFilterChain.doFilter(ApplicationFilterChain.java:208)
	at org.apache.catalina.core.StandardWrapperValve.invoke(StandardWrapperValve.java:220)
	at org.apache.catalina.core.StandardContextValve.invoke(StandardContextValve.java:122)
	at org.apache.catalina.authenticator.AuthenticatorBase.invoke(AuthenticatorBase.java:501)
	at org.apache.catalina.core.StandardHostValve.invoke(StandardHostValve.java:170)
	at org.apache.catalina.valves.ErrorReportValve.invoke(ErrorReportValve.java:98)
	at org.apache.catalina.valves.AccessLogValve.invoke(AccessLogValve.java:950)
	at org.apache.catalina.core.StandardEngineValve.invoke(StandardEngineValve.java:116)
	at org.apache.catalina.connector.CoyoteAdapter.service(CoyoteAdapter.java:408)
	at org.apache.coyote.http11.AbstractHttp11Processor.process(AbstractHttp11Processor.java:1040)
	at org.apache.coyote.AbstractProtocol$AbstractConnectionHandler.process(AbstractProtocol.java:607)
	at org.apache.tomcat.util.net.JIoEndpoint$SocketProcessor.run(JIoEndpoint.java:313)
	at java.util.concurrent.ThreadPoolExecutor.runWorker(ThreadPoolExecutor.java:1145)
	at java.util.concurrent.ThreadPoolExecutor$Worker.run(ThreadPoolExecutor.java:615)
	at java.lang.Thread.run(Thread.java:744)

May 04, 2014 10:18:30 PM org.apache.catalina.core.StandardWrapperValve invoke
SEVERE: Servlet.service() for servlet [Consulta] in context with path [/AMSSProject] threw exception
java.lang.NullPointerException
	at interfaces.InterfazConsulta.validarCuenta(InterfazConsulta.java:60)
	at interfaces.InterfazConsulta.doGet(InterfazConsulta.java:36)
	at javax.servlet.http.HttpServlet.service(HttpServlet.java:620)
	at javax.servlet.http.HttpServlet.service(HttpServlet.java:727)
	at org.apache.catalina.core.ApplicationFilterChain.internalDoFilter(ApplicationFilterChain.java:303)
	at org.apache.catalina.core.ApplicationFilterChain.doFilter(ApplicationFilterChain.java:208)
	at org.apache.tomcat.websocket.server.WsFilter.doFilter(WsFilter.java:52)
	at org.apache.catalina.core.ApplicationFilterChain.internalDoFilter(ApplicationFilterChain.java:241)
	at org.apache.catalina.core.ApplicationFilterChain.doFilter(ApplicationFilterChain.java:208)
	at org.apache.catalina.core.StandardWrapperValve.invoke(StandardWrapperValve.java:220)
	at org.apache.catalina.core.StandardContextValve.invoke(StandardContextValve.java:122)
	at org.apache.catalina.authenticator.AuthenticatorBase.invoke(AuthenticatorBase.java:501)
	at org.apache.catalina.core.StandardHostValve.invoke(StandardHostValve.java:170)
	at org.apache.catalina.valves.ErrorReportValve.invoke(ErrorReportValve.java:98)
	at org.apache.catalina.valves.AccessLogValve.invoke(AccessLogValve.java:950)
	at org.apache.catalina.core.StandardEngineValve.invoke(StandardEngineValve.java:116)
	at org.apache.catalina.connector.CoyoteAdapter.service(CoyoteAdapter.java:408)
	at org.apache.coyote.http11.AbstractHttp11Processor.process(AbstractHttp11Processor.java:1040)
	at org.apache.coyote.AbstractProtocol$AbstractConnectionHandler.process(AbstractProtocol.java:607)
	at org.apache.tomcat.util.net.JIoEndpoint$SocketProcessor.run(JIoEndpoint.java:313)
	at java.util.concurrent.ThreadPoolExecutor.runWorker(ThreadPoolExecutor.java:1145)
	at java.util.concurrent.ThreadPoolExecutor$Worker.run(ThreadPoolExecutor.java:615)
	at java.lang.Thread.run(Thread.java:744)

May 04, 2014 10:20:22 PM org.apache.catalina.core.StandardWrapperValve invoke
SEVERE: Servlet.service() for servlet [Consulta] in context with path [/AMSSProject] threw exception
java.lang.NullPointerException
	at interfaces.InterfazConsulta.validarCuenta(InterfazConsulta.java:60)
	at interfaces.InterfazConsulta.doGet(InterfazConsulta.java:36)
	at javax.servlet.http.HttpServlet.service(HttpServlet.java:620)
	at javax.servlet.http.HttpServlet.service(HttpServlet.java:727)
	at org.apache.catalina.core.ApplicationFilterChain.internalDoFilter(ApplicationFilterChain.java:303)
	at org.apache.catalina.core.ApplicationFilterChain.doFilter(ApplicationFilterChain.java:208)
	at org.apache.tomcat.websocket.server.WsFilter.doFilter(WsFilter.java:52)
	at org.apache.catalina.core.ApplicationFilterChain.internalDoFilter(ApplicationFilterChain.java:241)
	at org.apache.catalina.core.ApplicationFilterChain.doFilter(ApplicationFilterChain.java:208)
	at org.apache.catalina.core.StandardWrapperValve.invoke(StandardWrapperValve.java:220)
	at org.apache.catalina.core.StandardContextValve.invoke(StandardContextValve.java:122)
	at org.apache.catalina.authenticator.AuthenticatorBase.invoke(AuthenticatorBase.java:501)
	at org.apache.catalina.core.StandardHostValve.invoke(StandardHostValve.java:170)
	at org.apache.catalina.valves.ErrorReportValve.invoke(ErrorReportValve.java:98)
	at org.apache.catalina.valves.AccessLogValve.invoke(AccessLogValve.java:950)
	at org.apache.catalina.core.StandardEngineValve.invoke(StandardEngineValve.java:116)
	at org.apache.catalina.connector.CoyoteAdapter.service(CoyoteAdapter.java:408)
	at org.apache.coyote.http11.AbstractHttp11Processor.process(AbstractHttp11Processor.java:1040)
	at org.apache.coyote.AbstractProtocol$AbstractConnectionHandler.process(AbstractProtocol.java:607)
	at org.apache.tomcat.util.net.JIoEndpoint$SocketProcessor.run(JIoEndpoint.java:313)
	at java.util.concurrent.ThreadPoolExecutor.runWorker(ThreadPoolExecutor.java:1145)
	at java.util.concurrent.ThreadPoolExecutor$Worker.run(ThreadPoolExecutor.java:615)
	at java.lang.Thread.run(Thread.java:744)

May 04, 2014 10:20:53 PM org.apache.catalina.core.StandardWrapperValve invoke
SEVERE: Servlet.service() for servlet [Consulta] in context with path [/AMSSProject] threw exception
java.lang.NullPointerException
	at interfaces.InterfazConsulta.validarCuenta(InterfazConsulta.java:60)
	at interfaces.InterfazConsulta.doGet(InterfazConsulta.java:36)
	at javax.servlet.http.HttpServlet.service(HttpServlet.java:620)
	at javax.servlet.http.HttpServlet.service(HttpServlet.java:727)
	at org.apache.catalina.core.ApplicationFilterChain.internalDoFilter(ApplicationFilterChain.java:303)
	at org.apache.catalina.core.ApplicationFilterChain.doFilter(ApplicationFilterChain.java:208)
	at org.apache.tomcat.websocket.server.WsFilter.doFilter(WsFilter.java:52)
	at org.apache.catalina.core.ApplicationFilterChain.internalDoFilter(ApplicationFilterChain.java:241)
	at org.apache.catalina.core.ApplicationFilterChain.doFilter(ApplicationFilterChain.java:208)
	at org.apache.catalina.core.StandardWrapperValve.invoke(StandardWrapperValve.java:220)
	at org.apache.catalina.core.StandardContextValve.invoke(StandardContextValve.java:122)
	at org.apache.catalina.authenticator.AuthenticatorBase.invoke(AuthenticatorBase.java:501)
	at org.apache.catalina.core.StandardHostValve.invoke(StandardHostValve.java:170)
	at org.apache.catalina.valves.ErrorReportValve.invoke(ErrorReportValve.java:98)
	at org.apache.catalina.valves.AccessLogValve.invoke(AccessLogValve.java:950)
	at org.apache.catalina.core.StandardEngineValve.invoke(StandardEngineValve.java:116)
	at org.apache.catalina.connector.CoyoteAdapter.service(CoyoteAdapter.java:408)
	at org.apache.coyote.http11.AbstractHttp11Processor.process(AbstractHttp11Processor.java:1040)
	at org.apache.coyote.AbstractProtocol$AbstractConnectionHandler.process(AbstractProtocol.java:607)
	at org.apache.tomcat.util.net.JIoEndpoint$SocketProcessor.run(JIoEndpoint.java:313)
	at java.util.concurrent.ThreadPoolExecutor.runWorker(ThreadPoolExecutor.java:1145)
	at java.util.concurrent.ThreadPoolExecutor$Worker.run(ThreadPoolExecutor.java:615)
	at java.lang.Thread.run(Thread.java:744)

May 04, 2014 10:22:12 PM org.apache.catalina.core.StandardWrapperValve invoke
SEVERE: Servlet.service() for servlet [Extraer] in context with path [/AMSSProject] threw exception
java.lang.NullPointerException
	at entidades.Cuenta.validar(Cuenta.java:22)
	at controles.ControlExtraccion.validarCuenta(ControlExtraccion.java:13)
	at interfaces.InterfazExtraccion.validarCuenta(InterfazExtraccion.java:65)
	at interfaces.InterfazExtraccion.doGet(InterfazExtraccion.java:39)
	at javax.servlet.http.HttpServlet.service(HttpServlet.java:620)
	at javax.servlet.http.HttpServlet.service(HttpServlet.java:727)
	at org.apache.catalina.core.ApplicationFilterChain.internalDoFilter(ApplicationFilterChain.java:303)
	at org.apache.catalina.core.ApplicationFilterChain.doFilter(ApplicationFilterChain.java:208)
	at org.apache.tomcat.websocket.server.WsFilter.doFilter(WsFilter.java:52)
	at org.apache.catalina.core.ApplicationFilterChain.internalDoFilter(ApplicationFilterChain.java:241)
	at org.apache.catalina.core.ApplicationFilterChain.doFilter(ApplicationFilterChain.java:208)
	at org.apache.catalina.core.StandardWrapperValve.invoke(StandardWrapperValve.java:220)
	at org.apache.catalina.core.StandardContextValve.invoke(StandardContextValve.java:122)
	at org.apache.catalina.authenticator.AuthenticatorBase.invoke(AuthenticatorBase.java:501)
	at org.apache.catalina.core.StandardHostValve.invoke(StandardHostValve.java:170)
	at org.apache.catalina.valves.ErrorReportValve.invoke(ErrorReportValve.java:98)
	at org.apache.catalina.valves.AccessLogValve.invoke(AccessLogValve.java:950)
	at org.apache.catalina.core.StandardEngineValve.invoke(StandardEngineValve.java:116)
	at org.apache.catalina.connector.CoyoteAdapter.service(CoyoteAdapter.java:408)
	at org.apache.coyote.http11.AbstractHttp11Processor.process(AbstractHttp11Processor.java:1040)
	at org.apache.coyote.AbstractProtocol$AbstractConnectionHandler.process(AbstractProtocol.java:607)
	at org.apache.tomcat.util.net.JIoEndpoint$SocketProcessor.run(JIoEndpoint.java:315)
	at java.util.concurrent.ThreadPoolExecutor.runWorker(ThreadPoolExecutor.java:1145)
	at java.util.concurrent.ThreadPoolExecutor$Worker.run(ThreadPoolExecutor.java:615)
	at java.lang.Thread.run(Thread.java:744)

May 04, 2014 10:26:41 PM org.apache.catalina.core.StandardWrapperValve invoke
SEVERE: Servlet.service() for servlet [Consulta] in context with path [/AMSSProject] threw exception
java.lang.NullPointerException
	at interfaces.InterfazConsulta.validarCuenta(InterfazConsulta.java:60)
	at interfaces.InterfazConsulta.doGet(InterfazConsulta.java:36)
	at javax.servlet.http.HttpServlet.service(HttpServlet.java:620)
	at javax.servlet.http.HttpServlet.service(HttpServlet.java:727)
	at org.apache.catalina.core.ApplicationFilterChain.internalDoFilter(ApplicationFilterChain.java:303)
	at org.apache.catalina.core.ApplicationFilterChain.doFilter(ApplicationFilterChain.java:208)
	at org.apache.tomcat.websocket.server.WsFilter.doFilter(WsFilter.java:52)
	at org.apache.catalina.core.ApplicationFilterChain.internalDoFilter(ApplicationFilterChain.java:241)
	at org.apache.catalina.core.ApplicationFilterChain.doFilter(ApplicationFilterChain.java:208)
	at org.apache.catalina.core.StandardWrapperValve.invoke(StandardWrapperValve.java:220)
	at org.apache.catalina.core.StandardContextValve.invoke(StandardContextValve.java:122)
	at org.apache.catalina.authenticator.AuthenticatorBase.invoke(AuthenticatorBase.java:501)
	at org.apache.catalina.core.StandardHostValve.invoke(StandardHostValve.java:170)
	at org.apache.catalina.valves.ErrorReportValve.invoke(ErrorReportValve.java:98)
	at org.apache.catalina.valves.AccessLogValve.invoke(AccessLogValve.java:950)
	at org.apache.catalina.core.StandardEngineValve.invoke(StandardEngineValve.java:116)
	at org.apache.catalina.connector.CoyoteAdapter.service(CoyoteAdapter.java:408)
	at org.apache.coyote.http11.AbstractHttp11Processor.process(AbstractHttp11Processor.java:1040)
	at org.apache.coyote.AbstractProtocol$AbstractConnectionHandler.process(AbstractProtocol.java:607)
	at org.apache.tomcat.util.net.JIoEndpoint$SocketProcessor.run(JIoEndpoint.java:315)
	at java.util.concurrent.ThreadPoolExecutor.runWorker(ThreadPoolExecutor.java:1145)
	at java.util.concurrent.ThreadPoolExecutor$Worker.run(ThreadPoolExecutor.java:615)
	at java.lang.Thread.run(Thread.java:744)

May 04, 2014 10:26:53 PM org.apache.catalina.core.StandardWrapperValve invoke
SEVERE: Servlet.service() for servlet [Consulta] in context with path [/AMSSProject] threw exception
java.lang.NullPointerException
	at interfaces.InterfazConsulta.validarCuenta(InterfazConsulta.java:60)
	at interfaces.InterfazConsulta.doGet(InterfazConsulta.java:36)
	at javax.servlet.http.HttpServlet.service(HttpServlet.java:620)
	at javax.servlet.http.HttpServlet.service(HttpServlet.java:727)
	at org.apache.catalina.core.ApplicationFilterChain.internalDoFilter(ApplicationFilterChain.java:303)
	at org.apache.catalina.core.ApplicationFilterChain.doFilter(ApplicationFilterChain.java:208)
	at org.apache.tomcat.websocket.server.WsFilter.doFilter(WsFilter.java:52)
	at org.apache.catalina.core.ApplicationFilterChain.internalDoFilter(ApplicationFilterChain.java:241)
	at org.apache.catalina.core.ApplicationFilterChain.doFilter(ApplicationFilterChain.java:208)
	at org.apache.catalina.core.StandardWrapperValve.invoke(StandardWrapperValve.java:220)
	at org.apache.catalina.core.StandardContextValve.invoke(StandardContextValve.java:122)
	at org.apache.catalina.authenticator.AuthenticatorBase.invoke(AuthenticatorBase.java:501)
	at org.apache.catalina.core.StandardHostValve.invoke(StandardHostValve.java:170)
	at org.apache.catalina.valves.ErrorReportValve.invoke(ErrorReportValve.java:98)
	at org.apache.catalina.valves.AccessLogValve.invoke(AccessLogValve.java:950)
	at org.apache.catalina.core.StandardEngineValve.invoke(StandardEngineValve.java:116)
	at org.apache.catalina.connector.CoyoteAdapter.service(CoyoteAdapter.java:408)
	at org.apache.coyote.http11.AbstractHttp11Processor.process(AbstractHttp11Processor.java:1040)
	at org.apache.coyote.AbstractProtocol$AbstractConnectionHandler.process(AbstractProtocol.java:607)
	at org.apache.tomcat.util.net.JIoEndpoint$SocketProcessor.run(JIoEndpoint.java:315)
	at java.util.concurrent.ThreadPoolExecutor.runWorker(ThreadPoolExecutor.java:1145)
	at java.util.concurrent.ThreadPoolExecutor$Worker.run(ThreadPoolExecutor.java:615)
	at java.lang.Thread.run(Thread.java:744)

