May 05, 2014 12:38:54 AM org.apache.catalina.core.ApplicationContext log
INFO: SessionListener: contextDestroyed()
May 05, 2014 12:38:54 AM org.apache.catalina.core.ApplicationContext log
INFO: ContextListener: contextDestroyed()
May 05, 2014 12:57:30 AM org.apache.catalina.core.ApplicationContext log
INFO: ContextListener: contextInitialized()
May 05, 2014 12:57:30 AM org.apache.catalina.core.ApplicationContext log
INFO: SessionListener: contextInitialized()
May 05, 2014 12:57:30 AM org.apache.catalina.core.ApplicationContext log
INFO: ContextListener: attributeAdded('org.apache.jasper.compiler.TldLocationsCache', 'org.apache.jasper.compiler.TldLocationsCache@365a25d3')
May 05, 2014 12:57:51 AM org.apache.catalina.core.StandardWrapperValve invoke
SEVERE: Servlet.service() for servlet [Extraer] in context with path [/Cajero] threw exception
java.lang.NullPointerException
	at entidades.Cuenta.validar(Cuenta.java:22)
	at controles.ControlExtraccion.validarCuenta(ControlExtraccion.java:13)
	at interfaces.InterfazExtraccion.validarCuenta(InterfazExtraccion.java:65)
	at interfaces.InterfazExtraccion.doGet(InterfazExtraccion.java:39)
	at javax.servlet.http.HttpServlet.service(HttpServlet.java:620)
	at javax.servlet.http.HttpServlet.service(HttpServlet.java:727)
	at org.apache.catalina.core.ApplicationFilterChain.internalDoFilter(ApplicationFilterChain.java:303)
	at org.apache.catalina.core.ApplicationFilterChain.doFilter(ApplicationFilterChain.java:208)
	at org.apache.tomcat.websocket.server.WsFilter.doFilter(WsFilter.java:52)
	at org.apache.catalina.core.ApplicationFilterChain.internalDoFilter(ApplicationFilterChain.java:241)
	at org.apache.catalina.core.ApplicationFilterChain.doFilter(ApplicationFilterChain.java:208)
	at org.apache.catalina.core.StandardWrapperValve.invoke(StandardWrapperValve.java:220)
	at org.apache.catalina.core.StandardContextValve.invoke(StandardContextValve.java:122)
	at org.apache.catalina.authenticator.AuthenticatorBase.invoke(AuthenticatorBase.java:501)
	at org.apache.catalina.core.StandardHostValve.invoke(StandardHostValve.java:170)
	at org.apache.catalina.valves.ErrorReportValve.invoke(ErrorReportValve.java:98)
	at org.apache.catalina.valves.AccessLogValve.invoke(AccessLogValve.java:950)
	at org.apache.catalina.core.StandardEngineValve.invoke(StandardEngineValve.java:116)
	at org.apache.catalina.connector.CoyoteAdapter.service(CoyoteAdapter.java:408)
	at org.apache.coyote.http11.AbstractHttp11Processor.process(AbstractHttp11Processor.java:1040)
	at org.apache.coyote.AbstractProtocol$AbstractConnectionHandler.process(AbstractProtocol.java:607)
	at org.apache.tomcat.util.net.JIoEndpoint$SocketProcessor.run(JIoEndpoint.java:315)
	at java.util.concurrent.ThreadPoolExecutor.runWorker(ThreadPoolExecutor.java:1145)
	at java.util.concurrent.ThreadPoolExecutor$Worker.run(ThreadPoolExecutor.java:615)
	at java.lang.Thread.run(Thread.java:744)

May 05, 2014 1:55:55 AM org.apache.catalina.core.ApplicationContext log
INFO: SessionListener: contextDestroyed()
May 05, 2014 1:55:55 AM org.apache.catalina.core.ApplicationContext log
INFO: ContextListener: contextDestroyed()
May 05, 2014 1:56:06 AM org.apache.catalina.core.ApplicationContext log
INFO: ContextListener: contextInitialized()
May 05, 2014 1:56:06 AM org.apache.catalina.core.ApplicationContext log
INFO: SessionListener: contextInitialized()
May 05, 2014 1:56:06 AM org.apache.catalina.core.ApplicationContext log
INFO: ContextListener: attributeAdded('org.apache.jasper.compiler.TldLocationsCache', 'org.apache.jasper.compiler.TldLocationsCache@5c0273e1')
May 05, 2014 1:56:50 AM org.apache.catalina.core.ApplicationContext log
INFO: SessionListener: contextDestroyed()
May 05, 2014 1:56:50 AM org.apache.catalina.core.ApplicationContext log
INFO: ContextListener: contextDestroyed()
May 05, 2014 1:56:54 AM org.apache.catalina.core.ApplicationContext log
INFO: ContextListener: contextInitialized()
May 05, 2014 1:56:54 AM org.apache.catalina.core.ApplicationContext log
INFO: SessionListener: contextInitialized()
May 05, 2014 1:56:54 AM org.apache.catalina.core.ApplicationContext log
INFO: ContextListener: attributeAdded('org.apache.jasper.compiler.TldLocationsCache', 'org.apache.jasper.compiler.TldLocationsCache@44ae20f5')
May 05, 2014 2:28:30 AM org.apache.catalina.core.ApplicationContext log
INFO: SessionListener: contextDestroyed()
May 05, 2014 2:28:30 AM org.apache.catalina.core.ApplicationContext log
INFO: ContextListener: contextDestroyed()
May 05, 2014 2:28:37 AM org.apache.catalina.core.ApplicationContext log
INFO: ContextListener: contextInitialized()
May 05, 2014 2:28:37 AM org.apache.catalina.core.ApplicationContext log
INFO: SessionListener: contextInitialized()
May 05, 2014 2:28:37 AM org.apache.catalina.core.ApplicationContext log
INFO: ContextListener: attributeAdded('org.apache.jasper.compiler.TldLocationsCache', 'org.apache.jasper.compiler.TldLocationsCache@c11b00d')
May 05, 2014 2:32:52 AM org.apache.catalina.core.ApplicationContext log
INFO: SessionListener: contextDestroyed()
May 05, 2014 2:32:52 AM org.apache.catalina.core.ApplicationContext log
INFO: ContextListener: contextDestroyed()
May 05, 2014 3:03:11 AM org.apache.catalina.core.ApplicationContext log
INFO: ContextListener: contextInitialized()
May 05, 2014 3:03:11 AM org.apache.catalina.core.ApplicationContext log
INFO: SessionListener: contextInitialized()
May 05, 2014 3:03:11 AM org.apache.catalina.core.ApplicationContext log
INFO: ContextListener: attributeAdded('org.apache.jasper.compiler.TldLocationsCache', 'org.apache.jasper.compiler.TldLocationsCache@38cd9d80')
May 05, 2014 3:03:15 AM org.apache.catalina.core.ApplicationContext log
INFO: ContextListener: contextInitialized()
May 05, 2014 3:03:15 AM org.apache.catalina.core.ApplicationContext log
INFO: SessionListener: contextInitialized()
May 05, 2014 3:03:15 AM org.apache.catalina.core.ApplicationContext log
INFO: ContextListener: attributeAdded('org.apache.jasper.compiler.TldLocationsCache', 'org.apache.jasper.compiler.TldLocationsCache@2505e7f8')
May 05, 2014 3:03:15 AM org.apache.catalina.core.ApplicationContext log
INFO: SessionListener: contextDestroyed()
May 05, 2014 3:03:15 AM org.apache.catalina.core.ApplicationContext log
INFO: ContextListener: contextDestroyed()
May 05, 2014 3:04:25 AM org.apache.catalina.core.ApplicationContext log
INFO: SessionListener: contextDestroyed()
May 05, 2014 3:04:25 AM org.apache.catalina.core.ApplicationContext log
INFO: ContextListener: contextDestroyed()
May 05, 2014 3:04:29 AM org.apache.catalina.core.ApplicationContext log
INFO: ContextListener: contextInitialized()
May 05, 2014 3:04:29 AM org.apache.catalina.core.ApplicationContext log
INFO: SessionListener: contextInitialized()
May 05, 2014 3:04:29 AM org.apache.catalina.core.ApplicationContext log
INFO: ContextListener: attributeAdded('org.apache.jasper.compiler.TldLocationsCache', 'org.apache.jasper.compiler.TldLocationsCache@287ae776')
May 05, 2014 3:13:06 AM org.apache.catalina.core.ApplicationContext log
INFO: SessionListener: contextDestroyed()
May 05, 2014 3:13:06 AM org.apache.catalina.core.ApplicationContext log
INFO: ContextListener: contextDestroyed()
May 05, 2014 3:13:11 AM org.apache.catalina.core.ApplicationContext log
INFO: ContextListener: contextInitialized()
May 05, 2014 3:13:11 AM org.apache.catalina.core.ApplicationContext log
INFO: SessionListener: contextInitialized()
May 05, 2014 3:13:11 AM org.apache.catalina.core.ApplicationContext log
INFO: ContextListener: attributeAdded('org.apache.jasper.compiler.TldLocationsCache', 'org.apache.jasper.compiler.TldLocationsCache@1f4c4463')
May 05, 2014 3:14:24 AM org.apache.catalina.core.StandardWrapperValve invoke
SEVERE: Servlet.service() for servlet [Revista] in context with path [/Revista] threw exception
java.lang.NullPointerException
	at interfaces.InterfazRevista.doGet(InterfazRevista.java:85)
	at javax.servlet.http.HttpServlet.service(HttpServlet.java:620)
	at javax.servlet.http.HttpServlet.service(HttpServlet.java:727)
	at org.apache.catalina.core.ApplicationFilterChain.internalDoFilter(ApplicationFilterChain.java:303)
	at org.apache.catalina.core.ApplicationFilterChain.doFilter(ApplicationFilterChain.java:208)
	at org.apache.tomcat.websocket.server.WsFilter.doFilter(WsFilter.java:52)
	at org.apache.catalina.core.ApplicationFilterChain.internalDoFilter(ApplicationFilterChain.java:241)
	at org.apache.catalina.core.ApplicationFilterChain.doFilter(ApplicationFilterChain.java:208)
	at org.apache.catalina.core.StandardWrapperValve.invoke(StandardWrapperValve.java:220)
	at org.apache.catalina.core.StandardContextValve.invoke(StandardContextValve.java:122)
	at org.apache.catalina.authenticator.AuthenticatorBase.invoke(AuthenticatorBase.java:501)
	at org.apache.catalina.core.StandardHostValve.invoke(StandardHostValve.java:170)
	at org.apache.catalina.valves.ErrorReportValve.invoke(ErrorReportValve.java:98)
	at org.apache.catalina.valves.AccessLogValve.invoke(AccessLogValve.java:950)
	at org.apache.catalina.core.StandardEngineValve.invoke(StandardEngineValve.java:116)
	at org.apache.catalina.connector.CoyoteAdapter.service(CoyoteAdapter.java:408)
	at org.apache.coyote.http11.AbstractHttp11Processor.process(AbstractHttp11Processor.java:1040)
	at org.apache.coyote.AbstractProtocol$AbstractConnectionHandler.process(AbstractProtocol.java:607)
	at org.apache.tomcat.util.net.JIoEndpoint$SocketProcessor.run(JIoEndpoint.java:315)
	at java.util.concurrent.ThreadPoolExecutor.runWorker(ThreadPoolExecutor.java:1145)
	at java.util.concurrent.ThreadPoolExecutor$Worker.run(ThreadPoolExecutor.java:615)
	at java.lang.Thread.run(Thread.java:744)

May 05, 2014 3:14:30 AM org.apache.catalina.core.StandardWrapperValve invoke
SEVERE: Servlet.service() for servlet [Revista] in context with path [/Revista] threw exception
java.lang.NullPointerException
	at interfaces.InterfazRevista.doGet(InterfazRevista.java:85)
	at javax.servlet.http.HttpServlet.service(HttpServlet.java:620)
	at javax.servlet.http.HttpServlet.service(HttpServlet.java:727)
	at org.apache.catalina.core.ApplicationFilterChain.internalDoFilter(ApplicationFilterChain.java:303)
	at org.apache.catalina.core.ApplicationFilterChain.doFilter(ApplicationFilterChain.java:208)
	at org.apache.tomcat.websocket.server.WsFilter.doFilter(WsFilter.java:52)
	at org.apache.catalina.core.ApplicationFilterChain.internalDoFilter(ApplicationFilterChain.java:241)
	at org.apache.catalina.core.ApplicationFilterChain.doFilter(ApplicationFilterChain.java:208)
	at org.apache.catalina.core.StandardWrapperValve.invoke(StandardWrapperValve.java:220)
	at org.apache.catalina.core.StandardContextValve.invoke(StandardContextValve.java:122)
	at org.apache.catalina.authenticator.AuthenticatorBase.invoke(AuthenticatorBase.java:501)
	at org.apache.catalina.core.StandardHostValve.invoke(StandardHostValve.java:170)
	at org.apache.catalina.valves.ErrorReportValve.invoke(ErrorReportValve.java:98)
	at org.apache.catalina.valves.AccessLogValve.invoke(AccessLogValve.java:950)
	at org.apache.catalina.core.StandardEngineValve.invoke(StandardEngineValve.java:116)
	at org.apache.catalina.connector.CoyoteAdapter.service(CoyoteAdapter.java:408)
	at org.apache.coyote.http11.AbstractHttp11Processor.process(AbstractHttp11Processor.java:1040)
	at org.apache.coyote.AbstractProtocol$AbstractConnectionHandler.process(AbstractProtocol.java:607)
	at org.apache.tomcat.util.net.JIoEndpoint$SocketProcessor.run(JIoEndpoint.java:315)
	at java.util.concurrent.ThreadPoolExecutor.runWorker(ThreadPoolExecutor.java:1145)
	at java.util.concurrent.ThreadPoolExecutor$Worker.run(ThreadPoolExecutor.java:615)
	at java.lang.Thread.run(Thread.java:744)

May 05, 2014 3:29:05 AM org.apache.catalina.core.ApplicationContext log
INFO: ContextListener: contextInitialized()
May 05, 2014 3:29:05 AM org.apache.catalina.core.ApplicationContext log
INFO: SessionListener: contextInitialized()
May 05, 2014 3:29:05 AM org.apache.catalina.core.ApplicationContext log
INFO: ContextListener: attributeAdded('org.apache.jasper.compiler.TldLocationsCache', 'org.apache.jasper.compiler.TldLocationsCache@5afe175f')
May 05, 2014 3:29:06 AM org.apache.catalina.core.ApplicationContext log
INFO: SessionListener: contextDestroyed()
May 05, 2014 3:29:06 AM org.apache.catalina.core.ApplicationContext log
INFO: ContextListener: contextDestroyed()
May 05, 2014 3:29:35 AM org.apache.catalina.core.ApplicationContext log
INFO: ContextListener: contextInitialized()
May 05, 2014 3:29:35 AM org.apache.catalina.core.ApplicationContext log
INFO: SessionListener: contextInitialized()
May 05, 2014 3:29:35 AM org.apache.catalina.core.ApplicationContext log
INFO: ContextListener: attributeAdded('org.apache.jasper.compiler.TldLocationsCache', 'org.apache.jasper.compiler.TldLocationsCache@c11b00d')
May 05, 2014 3:29:36 AM org.apache.catalina.core.ApplicationContext log
INFO: SessionListener: contextDestroyed()
May 05, 2014 3:29:36 AM org.apache.catalina.core.ApplicationContext log
INFO: ContextListener: contextDestroyed()
May 05, 2014 3:29:37 AM org.apache.catalina.core.ApplicationContext log
INFO: SessionListener: contextDestroyed()
May 05, 2014 3:29:37 AM org.apache.catalina.core.ApplicationContext log
INFO: ContextListener: contextDestroyed()
May 05, 2014 3:31:49 AM org.apache.catalina.core.ApplicationContext log
INFO: ContextListener: contextInitialized()
May 05, 2014 3:31:49 AM org.apache.catalina.core.ApplicationContext log
INFO: SessionListener: contextInitialized()
May 05, 2014 3:31:49 AM org.apache.catalina.core.ApplicationContext log
INFO: ContextListener: attributeAdded('org.apache.jasper.compiler.TldLocationsCache', 'org.apache.jasper.compiler.TldLocationsCache@5fb08ca4')
May 05, 2014 3:32:21 AM org.apache.catalina.core.StandardWrapperValve invoke
SEVERE: Servlet.service() for servlet [Extraer] in context with path [/Cajero] threw exception
java.lang.NullPointerException
	at entidades.Cuenta.validar(Cuenta.java:22)
	at controles.ControlExtraccion.validarCuenta(ControlExtraccion.java:13)
	at interfaces.InterfazExtraccion.validarCuenta(InterfazExtraccion.java:65)
	at interfaces.InterfazExtraccion.doGet(InterfazExtraccion.java:39)
	at javax.servlet.http.HttpServlet.service(HttpServlet.java:620)
	at javax.servlet.http.HttpServlet.service(HttpServlet.java:727)
	at org.apache.catalina.core.ApplicationFilterChain.internalDoFilter(ApplicationFilterChain.java:303)
	at org.apache.catalina.core.ApplicationFilterChain.doFilter(ApplicationFilterChain.java:208)
	at org.apache.tomcat.websocket.server.WsFilter.doFilter(WsFilter.java:52)
	at org.apache.catalina.core.ApplicationFilterChain.internalDoFilter(ApplicationFilterChain.java:241)
	at org.apache.catalina.core.ApplicationFilterChain.doFilter(ApplicationFilterChain.java:208)
	at org.apache.catalina.core.StandardWrapperValve.invoke(StandardWrapperValve.java:220)
	at org.apache.catalina.core.StandardContextValve.invoke(StandardContextValve.java:122)
	at org.apache.catalina.authenticator.AuthenticatorBase.invoke(AuthenticatorBase.java:501)
	at org.apache.catalina.core.StandardHostValve.invoke(StandardHostValve.java:170)
	at org.apache.catalina.valves.ErrorReportValve.invoke(ErrorReportValve.java:98)
	at org.apache.catalina.valves.AccessLogValve.invoke(AccessLogValve.java:950)
	at org.apache.catalina.core.StandardEngineValve.invoke(StandardEngineValve.java:116)
	at org.apache.catalina.connector.CoyoteAdapter.service(CoyoteAdapter.java:408)
	at org.apache.coyote.http11.AbstractHttp11Processor.process(AbstractHttp11Processor.java:1040)
	at org.apache.coyote.AbstractProtocol$AbstractConnectionHandler.process(AbstractProtocol.java:607)
	at org.apache.tomcat.util.net.JIoEndpoint$SocketProcessor.run(JIoEndpoint.java:315)
	at java.util.concurrent.ThreadPoolExecutor.runWorker(ThreadPoolExecutor.java:1145)
	at java.util.concurrent.ThreadPoolExecutor$Worker.run(ThreadPoolExecutor.java:615)
	at java.lang.Thread.run(Thread.java:744)

May 05, 2014 3:32:27 AM org.apache.catalina.core.StandardWrapperValve invoke
SEVERE: Servlet.service() for servlet [Extraer] in context with path [/Cajero] threw exception
java.lang.NullPointerException
	at entidades.Cuenta.validar(Cuenta.java:22)
	at controles.ControlExtraccion.validarCuenta(ControlExtraccion.java:13)
	at interfaces.InterfazExtraccion.validarCuenta(InterfazExtraccion.java:65)
	at interfaces.InterfazExtraccion.doGet(InterfazExtraccion.java:39)
	at javax.servlet.http.HttpServlet.service(HttpServlet.java:620)
	at javax.servlet.http.HttpServlet.service(HttpServlet.java:727)
	at org.apache.catalina.core.ApplicationFilterChain.internalDoFilter(ApplicationFilterChain.java:303)
	at org.apache.catalina.core.ApplicationFilterChain.doFilter(ApplicationFilterChain.java:208)
	at org.apache.tomcat.websocket.server.WsFilter.doFilter(WsFilter.java:52)
	at org.apache.catalina.core.ApplicationFilterChain.internalDoFilter(ApplicationFilterChain.java:241)
	at org.apache.catalina.core.ApplicationFilterChain.doFilter(ApplicationFilterChain.java:208)
	at org.apache.catalina.core.StandardWrapperValve.invoke(StandardWrapperValve.java:220)
	at org.apache.catalina.core.StandardContextValve.invoke(StandardContextValve.java:122)
	at org.apache.catalina.authenticator.AuthenticatorBase.invoke(AuthenticatorBase.java:501)
	at org.apache.catalina.core.StandardHostValve.invoke(StandardHostValve.java:170)
	at org.apache.catalina.valves.ErrorReportValve.invoke(ErrorReportValve.java:98)
	at org.apache.catalina.valves.AccessLogValve.invoke(AccessLogValve.java:950)
	at org.apache.catalina.core.StandardEngineValve.invoke(StandardEngineValve.java:116)
	at org.apache.catalina.connector.CoyoteAdapter.service(CoyoteAdapter.java:408)
	at org.apache.coyote.http11.AbstractHttp11Processor.process(AbstractHttp11Processor.java:1040)
	at org.apache.coyote.AbstractProtocol$AbstractConnectionHandler.process(AbstractProtocol.java:607)
	at org.apache.tomcat.util.net.JIoEndpoint$SocketProcessor.run(JIoEndpoint.java:313)
	at java.util.concurrent.ThreadPoolExecutor.runWorker(ThreadPoolExecutor.java:1145)
	at java.util.concurrent.ThreadPoolExecutor$Worker.run(ThreadPoolExecutor.java:615)
	at java.lang.Thread.run(Thread.java:744)

May 05, 2014 3:33:05 AM org.apache.catalina.core.StandardWrapperValve invoke
SEVERE: Servlet.service() for servlet [Extraer] in context with path [/Cajero] threw exception
java.lang.NumberFormatException: For input string: "q"
	at sun.misc.FloatingDecimal.readJavaFormatString(FloatingDecimal.java:1241)
	at java.lang.Float.valueOf(Float.java:417)
	at interfaces.InterfazExtraccion.extraerEfectivo(InterfazExtraccion.java:88)
	at interfaces.InterfazExtraccion.doGet(InterfazExtraccion.java:41)
	at javax.servlet.http.HttpServlet.service(HttpServlet.java:620)
	at javax.servlet.http.HttpServlet.service(HttpServlet.java:727)
	at org.apache.catalina.core.ApplicationFilterChain.internalDoFilter(ApplicationFilterChain.java:303)
	at org.apache.catalina.core.ApplicationFilterChain.doFilter(ApplicationFilterChain.java:208)
	at org.apache.tomcat.websocket.server.WsFilter.doFilter(WsFilter.java:52)
	at org.apache.catalina.core.ApplicationFilterChain.internalDoFilter(ApplicationFilterChain.java:241)
	at org.apache.catalina.core.ApplicationFilterChain.doFilter(ApplicationFilterChain.java:208)
	at org.apache.catalina.core.StandardWrapperValve.invoke(StandardWrapperValve.java:220)
	at org.apache.catalina.core.StandardContextValve.invoke(StandardContextValve.java:122)
	at org.apache.catalina.authenticator.AuthenticatorBase.invoke(AuthenticatorBase.java:501)
	at org.apache.catalina.core.StandardHostValve.invoke(StandardHostValve.java:170)
	at org.apache.catalina.valves.ErrorReportValve.invoke(ErrorReportValve.java:98)
	at org.apache.catalina.valves.AccessLogValve.invoke(AccessLogValve.java:950)
	at org.apache.catalina.core.StandardEngineValve.invoke(StandardEngineValve.java:116)
	at org.apache.catalina.connector.CoyoteAdapter.service(CoyoteAdapter.java:408)
	at org.apache.coyote.http11.AbstractHttp11Processor.process(AbstractHttp11Processor.java:1040)
	at org.apache.coyote.AbstractProtocol$AbstractConnectionHandler.process(AbstractProtocol.java:607)
	at org.apache.tomcat.util.net.JIoEndpoint$SocketProcessor.run(JIoEndpoint.java:315)
	at java.util.concurrent.ThreadPoolExecutor.runWorker(ThreadPoolExecutor.java:1145)
	at java.util.concurrent.ThreadPoolExecutor$Worker.run(ThreadPoolExecutor.java:615)
	at java.lang.Thread.run(Thread.java:744)

May 05, 2014 3:33:33 AM org.apache.catalina.core.StandardWrapperValve invoke
SEVERE: Servlet.service() for servlet [Extraer] in context with path [/Cajero] threw exception
java.lang.NullPointerException
	at entidades.Cuenta.validar(Cuenta.java:22)
	at controles.ControlExtraccion.validarCuenta(ControlExtraccion.java:13)
	at interfaces.InterfazExtraccion.validarCuenta(InterfazExtraccion.java:65)
	at interfaces.InterfazExtraccion.doGet(InterfazExtraccion.java:39)
	at javax.servlet.http.HttpServlet.service(HttpServlet.java:620)
	at javax.servlet.http.HttpServlet.service(HttpServlet.java:727)
	at org.apache.catalina.core.ApplicationFilterChain.internalDoFilter(ApplicationFilterChain.java:303)
	at org.apache.catalina.core.ApplicationFilterChain.doFilter(ApplicationFilterChain.java:208)
	at org.apache.tomcat.websocket.server.WsFilter.doFilter(WsFilter.java:52)
	at org.apache.catalina.core.ApplicationFilterChain.internalDoFilter(ApplicationFilterChain.java:241)
	at org.apache.catalina.core.ApplicationFilterChain.doFilter(ApplicationFilterChain.java:208)
	at org.apache.catalina.core.StandardWrapperValve.invoke(StandardWrapperValve.java:220)
	at org.apache.catalina.core.StandardContextValve.invoke(StandardContextValve.java:122)
	at org.apache.catalina.authenticator.AuthenticatorBase.invoke(AuthenticatorBase.java:501)
	at org.apache.catalina.core.StandardHostValve.invoke(StandardHostValve.java:170)
	at org.apache.catalina.valves.ErrorReportValve.invoke(ErrorReportValve.java:98)
	at org.apache.catalina.valves.AccessLogValve.invoke(AccessLogValve.java:950)
	at org.apache.catalina.core.StandardEngineValve.invoke(StandardEngineValve.java:116)
	at org.apache.catalina.connector.CoyoteAdapter.service(CoyoteAdapter.java:408)
	at org.apache.coyote.http11.AbstractHttp11Processor.process(AbstractHttp11Processor.java:1040)
	at org.apache.coyote.AbstractProtocol$AbstractConnectionHandler.process(AbstractProtocol.java:607)
	at org.apache.tomcat.util.net.JIoEndpoint$SocketProcessor.run(JIoEndpoint.java:315)
	at java.util.concurrent.ThreadPoolExecutor.runWorker(ThreadPoolExecutor.java:1145)
	at java.util.concurrent.ThreadPoolExecutor$Worker.run(ThreadPoolExecutor.java:615)
	at java.lang.Thread.run(Thread.java:744)

May 05, 2014 10:00:20 PM org.apache.catalina.core.ApplicationContext log
INFO: ContextListener: contextInitialized()
May 05, 2014 10:00:20 PM org.apache.catalina.core.ApplicationContext log
INFO: SessionListener: contextInitialized()
May 05, 2014 10:00:20 PM org.apache.catalina.core.ApplicationContext log
INFO: ContextListener: attributeAdded('org.apache.jasper.compiler.TldLocationsCache', 'org.apache.jasper.compiler.TldLocationsCache@5f8e643')
May 05, 2014 10:00:21 PM org.apache.catalina.core.ApplicationContext log
INFO: SessionListener: contextDestroyed()
May 05, 2014 10:00:21 PM org.apache.catalina.core.ApplicationContext log
INFO: ContextListener: contextDestroyed()
