May 06, 2014 12:19:31 AM org.apache.catalina.core.ApplicationContext log
INFO: SessionListener: contextDestroyed()
May 06, 2014 12:19:31 AM org.apache.catalina.core.ApplicationContext log
INFO: ContextListener: contextDestroyed()
May 06, 2014 12:19:53 AM org.apache.catalina.core.ApplicationContext log
INFO: ContextListener: contextInitialized()
May 06, 2014 12:19:53 AM org.apache.catalina.core.ApplicationContext log
INFO: SessionListener: contextInitialized()
May 06, 2014 12:19:53 AM org.apache.catalina.core.ApplicationContext log
INFO: ContextListener: attributeAdded('org.apache.jasper.compiler.TldLocationsCache', 'org.apache.jasper.compiler.TldLocationsCache@2df59d78')
May 06, 2014 12:31:44 AM org.apache.catalina.core.StandardWrapperValve invoke
SEVERE: Servlet.service() for servlet [Cliente] in context with path [/AMSSProject] threw exception [Servlet execution threw an exception] with root cause
java.lang.IllegalAccessError: tried to access method entidades.Usuarios.createAccount(Ljava/lang/String;Ljava/lang/String;)Z from class controles.ControlSuscripcion
	at controles.ControlSuscripcion.createAccount(ControlSuscripcion.java:13)
	at interfaces.InterfazCliente.cuentaCreada(InterfazCliente.java:143)
	at interfaces.InterfazCliente.doGet(InterfazCliente.java:41)
	at javax.servlet.http.HttpServlet.service(HttpServlet.java:620)
	at javax.servlet.http.HttpServlet.service(HttpServlet.java:727)
	at org.apache.catalina.core.ApplicationFilterChain.internalDoFilter(ApplicationFilterChain.java:303)
	at org.apache.catalina.core.ApplicationFilterChain.doFilter(ApplicationFilterChain.java:208)
	at org.apache.tomcat.websocket.server.WsFilter.doFilter(WsFilter.java:52)
	at org.apache.catalina.core.ApplicationFilterChain.internalDoFilter(ApplicationFilterChain.java:241)
	at org.apache.catalina.core.ApplicationFilterChain.doFilter(ApplicationFilterChain.java:208)
	at org.apache.catalina.core.StandardWrapperValve.invoke(StandardWrapperValve.java:220)
	at org.apache.catalina.core.StandardContextValve.invoke(StandardContextValve.java:122)
	at org.apache.catalina.authenticator.AuthenticatorBase.invoke(AuthenticatorBase.java:501)
	at org.apache.catalina.core.StandardHostValve.invoke(StandardHostValve.java:170)
	at org.apache.catalina.valves.ErrorReportValve.invoke(ErrorReportValve.java:98)
	at org.apache.catalina.valves.AccessLogValve.invoke(AccessLogValve.java:950)
	at org.apache.catalina.core.StandardEngineValve.invoke(StandardEngineValve.java:116)
	at org.apache.catalina.connector.CoyoteAdapter.service(CoyoteAdapter.java:408)
	at org.apache.coyote.http11.AbstractHttp11Processor.process(AbstractHttp11Processor.java:1040)
	at org.apache.coyote.AbstractProtocol$AbstractConnectionHandler.process(AbstractProtocol.java:607)
	at org.apache.tomcat.util.net.JIoEndpoint$SocketProcessor.run(JIoEndpoint.java:315)
	at java.util.concurrent.ThreadPoolExecutor.runWorker(ThreadPoolExecutor.java:1145)
	at java.util.concurrent.ThreadPoolExecutor$Worker.run(ThreadPoolExecutor.java:615)
	at java.lang.Thread.run(Thread.java:744)

May 06, 2014 12:32:04 AM org.apache.catalina.core.StandardWrapperValve invoke
SEVERE: Servlet.service() for servlet [Cliente] in context with path [/AMSSProject] threw exception [Servlet execution threw an exception] with root cause
java.lang.IllegalAccessError: tried to access method entidades.Usuarios.createAccount(Ljava/lang/String;Ljava/lang/String;)Z from class controles.ControlSuscripcion
	at controles.ControlSuscripcion.createAccount(ControlSuscripcion.java:13)
	at interfaces.InterfazCliente.cuentaCreada(InterfazCliente.java:143)
	at interfaces.InterfazCliente.doGet(InterfazCliente.java:41)
	at javax.servlet.http.HttpServlet.service(HttpServlet.java:620)
	at javax.servlet.http.HttpServlet.service(HttpServlet.java:727)
	at org.apache.catalina.core.ApplicationFilterChain.internalDoFilter(ApplicationFilterChain.java:303)
	at org.apache.catalina.core.ApplicationFilterChain.doFilter(ApplicationFilterChain.java:208)
	at org.apache.tomcat.websocket.server.WsFilter.doFilter(WsFilter.java:52)
	at org.apache.catalina.core.ApplicationFilterChain.internalDoFilter(ApplicationFilterChain.java:241)
	at org.apache.catalina.core.ApplicationFilterChain.doFilter(ApplicationFilterChain.java:208)
	at org.apache.catalina.core.StandardWrapperValve.invoke(StandardWrapperValve.java:220)
	at org.apache.catalina.core.StandardContextValve.invoke(StandardContextValve.java:122)
	at org.apache.catalina.authenticator.AuthenticatorBase.invoke(AuthenticatorBase.java:501)
	at org.apache.catalina.core.StandardHostValve.invoke(StandardHostValve.java:170)
	at org.apache.catalina.valves.ErrorReportValve.invoke(ErrorReportValve.java:98)
	at org.apache.catalina.valves.AccessLogValve.invoke(AccessLogValve.java:950)
	at org.apache.catalina.core.StandardEngineValve.invoke(StandardEngineValve.java:116)
	at org.apache.catalina.connector.CoyoteAdapter.service(CoyoteAdapter.java:408)
	at org.apache.coyote.http11.AbstractHttp11Processor.process(AbstractHttp11Processor.java:1040)
	at org.apache.coyote.AbstractProtocol$AbstractConnectionHandler.process(AbstractProtocol.java:607)
	at org.apache.tomcat.util.net.JIoEndpoint$SocketProcessor.run(JIoEndpoint.java:315)
	at java.util.concurrent.ThreadPoolExecutor.runWorker(ThreadPoolExecutor.java:1145)
	at java.util.concurrent.ThreadPoolExecutor$Worker.run(ThreadPoolExecutor.java:615)
	at java.lang.Thread.run(Thread.java:744)

May 06, 2014 12:35:40 AM org.apache.catalina.core.ApplicationContext log
INFO: SessionListener: contextDestroyed()
May 06, 2014 12:35:40 AM org.apache.catalina.core.ApplicationContext log
INFO: ContextListener: contextDestroyed()
May 06, 2014 12:35:56 AM org.apache.catalina.core.ApplicationContext log
INFO: ContextListener: contextInitialized()
May 06, 2014 12:35:56 AM org.apache.catalina.core.ApplicationContext log
INFO: SessionListener: contextInitialized()
May 06, 2014 12:35:56 AM org.apache.catalina.core.ApplicationContext log
INFO: ContextListener: attributeAdded('org.apache.jasper.compiler.TldLocationsCache', 'org.apache.jasper.compiler.TldLocationsCache@2e814409')
May 06, 2014 12:48:39 AM org.apache.catalina.core.ApplicationContext log
INFO: SessionListener: contextDestroyed()
May 06, 2014 12:48:39 AM org.apache.catalina.core.ApplicationContext log
INFO: ContextListener: contextDestroyed()
May 06, 2014 12:48:46 AM org.apache.catalina.core.ApplicationContext log
INFO: ContextListener: contextInitialized()
May 06, 2014 12:48:46 AM org.apache.catalina.core.ApplicationContext log
INFO: SessionListener: contextInitialized()
May 06, 2014 12:48:46 AM org.apache.catalina.core.ApplicationContext log
INFO: ContextListener: attributeAdded('org.apache.jasper.compiler.TldLocationsCache', 'org.apache.jasper.compiler.TldLocationsCache@2df59d78')
May 06, 2014 12:52:01 AM org.apache.catalina.core.ApplicationContext log
INFO: SessionListener: contextDestroyed()
May 06, 2014 12:52:01 AM org.apache.catalina.core.ApplicationContext log
INFO: ContextListener: contextDestroyed()
May 06, 2014 12:53:26 AM org.apache.catalina.core.ApplicationContext log
INFO: ContextListener: contextInitialized()
May 06, 2014 12:53:26 AM org.apache.catalina.core.ApplicationContext log
INFO: SessionListener: contextInitialized()
May 06, 2014 12:53:26 AM org.apache.catalina.core.ApplicationContext log
INFO: ContextListener: attributeAdded('org.apache.jasper.compiler.TldLocationsCache', 'org.apache.jasper.compiler.TldLocationsCache@583548da')
May 06, 2014 12:54:10 AM org.apache.catalina.core.ApplicationContext log
INFO: SessionListener: contextDestroyed()
May 06, 2014 12:54:10 AM org.apache.catalina.core.ApplicationContext log
INFO: ContextListener: contextDestroyed()
May 06, 2014 12:54:14 AM org.apache.catalina.core.ApplicationContext log
INFO: ContextListener: contextInitialized()
May 06, 2014 12:54:14 AM org.apache.catalina.core.ApplicationContext log
INFO: SessionListener: contextInitialized()
May 06, 2014 12:54:14 AM org.apache.catalina.core.ApplicationContext log
INFO: ContextListener: attributeAdded('org.apache.jasper.compiler.TldLocationsCache', 'org.apache.jasper.compiler.TldLocationsCache@6a9c1826')
May 06, 2014 1:01:28 AM org.apache.catalina.core.ApplicationContext log
INFO: SessionListener: contextDestroyed()
May 06, 2014 1:01:28 AM org.apache.catalina.core.ApplicationContext log
INFO: ContextListener: contextDestroyed()
May 06, 2014 1:01:34 AM org.apache.catalina.core.ApplicationContext log
INFO: ContextListener: contextInitialized()
May 06, 2014 1:01:34 AM org.apache.catalina.core.ApplicationContext log
INFO: SessionListener: contextInitialized()
May 06, 2014 1:01:34 AM org.apache.catalina.core.ApplicationContext log
INFO: ContextListener: attributeAdded('org.apache.jasper.compiler.TldLocationsCache', 'org.apache.jasper.compiler.TldLocationsCache@421c4007')
May 06, 2014 1:03:41 AM org.apache.catalina.core.ApplicationContext log
INFO: SessionListener: contextDestroyed()
May 06, 2014 1:03:41 AM org.apache.catalina.core.ApplicationContext log
INFO: ContextListener: contextDestroyed()
May 06, 2014 1:03:44 AM org.apache.catalina.core.ApplicationContext log
INFO: ContextListener: contextInitialized()
May 06, 2014 1:03:44 AM org.apache.catalina.core.ApplicationContext log
INFO: SessionListener: contextInitialized()
May 06, 2014 1:03:44 AM org.apache.catalina.core.ApplicationContext log
INFO: ContextListener: attributeAdded('org.apache.jasper.compiler.TldLocationsCache', 'org.apache.jasper.compiler.TldLocationsCache@25370a40')
May 06, 2014 1:21:23 AM org.apache.catalina.core.ApplicationContext log
INFO: SessionListener: contextDestroyed()
May 06, 2014 1:21:23 AM org.apache.catalina.core.ApplicationContext log
INFO: ContextListener: contextDestroyed()
May 06, 2014 1:21:28 AM org.apache.catalina.core.ApplicationContext log
INFO: ContextListener: contextInitialized()
May 06, 2014 1:21:28 AM org.apache.catalina.core.ApplicationContext log
INFO: SessionListener: contextInitialized()
May 06, 2014 1:21:28 AM org.apache.catalina.core.ApplicationContext log
INFO: ContextListener: attributeAdded('org.apache.jasper.compiler.TldLocationsCache', 'org.apache.jasper.compiler.TldLocationsCache@631bfb7e')
May 06, 2014 1:28:05 AM org.apache.catalina.core.ApplicationContext log
INFO: SessionListener: contextDestroyed()
May 06, 2014 1:28:05 AM org.apache.catalina.core.ApplicationContext log
INFO: ContextListener: contextDestroyed()
May 06, 2014 1:28:41 AM org.apache.catalina.core.ApplicationContext log
INFO: ContextListener: contextInitialized()
May 06, 2014 1:28:41 AM org.apache.catalina.core.ApplicationContext log
INFO: SessionListener: contextInitialized()
May 06, 2014 1:28:41 AM org.apache.catalina.core.ApplicationContext log
INFO: ContextListener: attributeAdded('org.apache.jasper.compiler.TldLocationsCache', 'org.apache.jasper.compiler.TldLocationsCache@4ab39fe4')
May 06, 2014 1:28:48 AM org.apache.catalina.core.StandardWrapperValve invoke
SEVERE: Servlet.service() for servlet [Cliente] in context with path [/AMSSProject] threw exception
java.lang.NullPointerException
	at interfaces.InterfazCliente.doGet(InterfazCliente.java:26)
	at javax.servlet.http.HttpServlet.service(HttpServlet.java:620)
	at javax.servlet.http.HttpServlet.service(HttpServlet.java:727)
	at org.apache.catalina.core.ApplicationFilterChain.internalDoFilter(ApplicationFilterChain.java:303)
	at org.apache.catalina.core.ApplicationFilterChain.doFilter(ApplicationFilterChain.java:208)
	at org.apache.tomcat.websocket.server.WsFilter.doFilter(WsFilter.java:52)
	at org.apache.catalina.core.ApplicationFilterChain.internalDoFilter(ApplicationFilterChain.java:241)
	at org.apache.catalina.core.ApplicationFilterChain.doFilter(ApplicationFilterChain.java:208)
	at org.apache.catalina.core.StandardWrapperValve.invoke(StandardWrapperValve.java:220)
	at org.apache.catalina.core.StandardContextValve.invoke(StandardContextValve.java:122)
	at org.apache.catalina.authenticator.AuthenticatorBase.invoke(AuthenticatorBase.java:501)
	at org.apache.catalina.core.StandardHostValve.invoke(StandardHostValve.java:170)
	at org.apache.catalina.valves.ErrorReportValve.invoke(ErrorReportValve.java:98)
	at org.apache.catalina.valves.AccessLogValve.invoke(AccessLogValve.java:950)
	at org.apache.catalina.core.StandardEngineValve.invoke(StandardEngineValve.java:116)
	at org.apache.catalina.connector.CoyoteAdapter.service(CoyoteAdapter.java:408)
	at org.apache.coyote.http11.AbstractHttp11Processor.process(AbstractHttp11Processor.java:1040)
	at org.apache.coyote.AbstractProtocol$AbstractConnectionHandler.process(AbstractProtocol.java:607)
	at org.apache.tomcat.util.net.JIoEndpoint$SocketProcessor.run(JIoEndpoint.java:313)
	at java.util.concurrent.ThreadPoolExecutor.runWorker(ThreadPoolExecutor.java:1145)
	at java.util.concurrent.ThreadPoolExecutor$Worker.run(ThreadPoolExecutor.java:615)
	at java.lang.Thread.run(Thread.java:744)

May 06, 2014 1:28:53 AM org.apache.catalina.core.StandardWrapperValve invoke
SEVERE: Servlet.service() for servlet [Cliente] in context with path [/AMSSProject] threw exception
java.lang.NullPointerException
	at interfaces.InterfazCliente.doGet(InterfazCliente.java:26)
	at javax.servlet.http.HttpServlet.service(HttpServlet.java:620)
	at javax.servlet.http.HttpServlet.service(HttpServlet.java:727)
	at org.apache.catalina.core.ApplicationFilterChain.internalDoFilter(ApplicationFilterChain.java:303)
	at org.apache.catalina.core.ApplicationFilterChain.doFilter(ApplicationFilterChain.java:208)
	at org.apache.tomcat.websocket.server.WsFilter.doFilter(WsFilter.java:52)
	at org.apache.catalina.core.ApplicationFilterChain.internalDoFilter(ApplicationFilterChain.java:241)
	at org.apache.catalina.core.ApplicationFilterChain.doFilter(ApplicationFilterChain.java:208)
	at org.apache.catalina.core.StandardWrapperValve.invoke(StandardWrapperValve.java:220)
	at org.apache.catalina.core.StandardContextValve.invoke(StandardContextValve.java:122)
	at org.apache.catalina.authenticator.AuthenticatorBase.invoke(AuthenticatorBase.java:501)
	at org.apache.catalina.core.StandardHostValve.invoke(StandardHostValve.java:170)
	at org.apache.catalina.valves.ErrorReportValve.invoke(ErrorReportValve.java:98)
	at org.apache.catalina.valves.AccessLogValve.invoke(AccessLogValve.java:950)
	at org.apache.catalina.core.StandardEngineValve.invoke(StandardEngineValve.java:116)
	at org.apache.catalina.connector.CoyoteAdapter.service(CoyoteAdapter.java:408)
	at org.apache.coyote.http11.AbstractHttp11Processor.process(AbstractHttp11Processor.java:1040)
	at org.apache.coyote.AbstractProtocol$AbstractConnectionHandler.process(AbstractProtocol.java:607)
	at org.apache.tomcat.util.net.JIoEndpoint$SocketProcessor.run(JIoEndpoint.java:313)
	at java.util.concurrent.ThreadPoolExecutor.runWorker(ThreadPoolExecutor.java:1145)
	at java.util.concurrent.ThreadPoolExecutor$Worker.run(ThreadPoolExecutor.java:615)
	at java.lang.Thread.run(Thread.java:744)

May 06, 2014 1:29:08 AM org.apache.catalina.core.StandardWrapperValve invoke
SEVERE: Servlet.service() for servlet [Cliente] in context with path [/AMSSProject] threw exception
java.lang.NullPointerException
	at interfaces.InterfazCliente.doGet(InterfazCliente.java:26)
	at javax.servlet.http.HttpServlet.service(HttpServlet.java:620)
	at javax.servlet.http.HttpServlet.service(HttpServlet.java:727)
	at org.apache.catalina.core.ApplicationFilterChain.internalDoFilter(ApplicationFilterChain.java:303)
	at org.apache.catalina.core.ApplicationFilterChain.doFilter(ApplicationFilterChain.java:208)
	at org.apache.tomcat.websocket.server.WsFilter.doFilter(WsFilter.java:52)
	at org.apache.catalina.core.ApplicationFilterChain.internalDoFilter(ApplicationFilterChain.java:241)
	at org.apache.catalina.core.ApplicationFilterChain.doFilter(ApplicationFilterChain.java:208)
	at org.apache.catalina.core.StandardWrapperValve.invoke(StandardWrapperValve.java:220)
	at org.apache.catalina.core.StandardContextValve.invoke(StandardContextValve.java:122)
	at org.apache.catalina.authenticator.AuthenticatorBase.invoke(AuthenticatorBase.java:501)
	at org.apache.catalina.core.StandardHostValve.invoke(StandardHostValve.java:170)
	at org.apache.catalina.valves.ErrorReportValve.invoke(ErrorReportValve.java:98)
	at org.apache.catalina.valves.AccessLogValve.invoke(AccessLogValve.java:950)
	at org.apache.catalina.core.StandardEngineValve.invoke(StandardEngineValve.java:116)
	at org.apache.catalina.connector.CoyoteAdapter.service(CoyoteAdapter.java:408)
	at org.apache.coyote.http11.AbstractHttp11Processor.process(AbstractHttp11Processor.java:1040)
	at org.apache.coyote.AbstractProtocol$AbstractConnectionHandler.process(AbstractProtocol.java:607)
	at org.apache.tomcat.util.net.JIoEndpoint$SocketProcessor.run(JIoEndpoint.java:315)
	at java.util.concurrent.ThreadPoolExecutor.runWorker(ThreadPoolExecutor.java:1145)
	at java.util.concurrent.ThreadPoolExecutor$Worker.run(ThreadPoolExecutor.java:615)
	at java.lang.Thread.run(Thread.java:744)

May 06, 2014 1:29:19 AM org.apache.catalina.core.ApplicationContext log
INFO: SessionListener: contextDestroyed()
May 06, 2014 1:29:19 AM org.apache.catalina.core.ApplicationContext log
INFO: ContextListener: contextDestroyed()
May 06, 2014 1:29:31 AM org.apache.catalina.core.ApplicationContext log
INFO: ContextListener: contextInitialized()
May 06, 2014 1:29:31 AM org.apache.catalina.core.ApplicationContext log
INFO: SessionListener: contextInitialized()
May 06, 2014 1:29:31 AM org.apache.catalina.core.ApplicationContext log
INFO: ContextListener: attributeAdded('org.apache.jasper.compiler.TldLocationsCache', 'org.apache.jasper.compiler.TldLocationsCache@8e6a990')
May 06, 2014 1:29:34 AM org.apache.catalina.core.StandardWrapperValve invoke
SEVERE: Servlet.service() for servlet [Cliente] in context with path [/AMSSProject] threw exception
java.lang.NullPointerException
	at interfaces.InterfazCliente.doGet(InterfazCliente.java:26)
	at javax.servlet.http.HttpServlet.service(HttpServlet.java:620)
	at javax.servlet.http.HttpServlet.service(HttpServlet.java:727)
	at org.apache.catalina.core.ApplicationFilterChain.internalDoFilter(ApplicationFilterChain.java:303)
	at org.apache.catalina.core.ApplicationFilterChain.doFilter(ApplicationFilterChain.java:208)
	at org.apache.tomcat.websocket.server.WsFilter.doFilter(WsFilter.java:52)
	at org.apache.catalina.core.ApplicationFilterChain.internalDoFilter(ApplicationFilterChain.java:241)
	at org.apache.catalina.core.ApplicationFilterChain.doFilter(ApplicationFilterChain.java:208)
	at org.apache.catalina.core.StandardWrapperValve.invoke(StandardWrapperValve.java:220)
	at org.apache.catalina.core.StandardContextValve.invoke(StandardContextValve.java:122)
	at org.apache.catalina.authenticator.AuthenticatorBase.invoke(AuthenticatorBase.java:501)
	at org.apache.catalina.core.StandardHostValve.invoke(StandardHostValve.java:170)
	at org.apache.catalina.valves.ErrorReportValve.invoke(ErrorReportValve.java:98)
	at org.apache.catalina.valves.AccessLogValve.invoke(AccessLogValve.java:950)
	at org.apache.catalina.core.StandardEngineValve.invoke(StandardEngineValve.java:116)
	at org.apache.catalina.connector.CoyoteAdapter.service(CoyoteAdapter.java:408)
	at org.apache.coyote.http11.AbstractHttp11Processor.process(AbstractHttp11Processor.java:1040)
	at org.apache.coyote.AbstractProtocol$AbstractConnectionHandler.process(AbstractProtocol.java:607)
	at org.apache.tomcat.util.net.JIoEndpoint$SocketProcessor.run(JIoEndpoint.java:315)
	at java.util.concurrent.ThreadPoolExecutor.runWorker(ThreadPoolExecutor.java:1145)
	at java.util.concurrent.ThreadPoolExecutor$Worker.run(ThreadPoolExecutor.java:615)
	at java.lang.Thread.run(Thread.java:744)

May 06, 2014 1:30:53 AM org.apache.catalina.core.StandardWrapperValve invoke
SEVERE: Servlet.service() for servlet [Cliente] in context with path [/AMSSProject] threw exception
java.lang.NullPointerException
	at interfaces.InterfazCliente.doGet(InterfazCliente.java:26)
	at javax.servlet.http.HttpServlet.service(HttpServlet.java:620)
	at javax.servlet.http.HttpServlet.service(HttpServlet.java:727)
	at org.apache.catalina.core.ApplicationFilterChain.internalDoFilter(ApplicationFilterChain.java:303)
	at org.apache.catalina.core.ApplicationFilterChain.doFilter(ApplicationFilterChain.java:208)
	at org.apache.tomcat.websocket.server.WsFilter.doFilter(WsFilter.java:52)
	at org.apache.catalina.core.ApplicationFilterChain.internalDoFilter(ApplicationFilterChain.java:241)
	at org.apache.catalina.core.ApplicationFilterChain.doFilter(ApplicationFilterChain.java:208)
	at org.apache.catalina.core.StandardWrapperValve.invoke(StandardWrapperValve.java:220)
	at org.apache.catalina.core.StandardContextValve.invoke(StandardContextValve.java:122)
	at org.apache.catalina.authenticator.AuthenticatorBase.invoke(AuthenticatorBase.java:501)
	at org.apache.catalina.core.StandardHostValve.invoke(StandardHostValve.java:170)
	at org.apache.catalina.valves.ErrorReportValve.invoke(ErrorReportValve.java:98)
	at org.apache.catalina.valves.AccessLogValve.invoke(AccessLogValve.java:950)
	at org.apache.catalina.core.StandardEngineValve.invoke(StandardEngineValve.java:116)
	at org.apache.catalina.connector.CoyoteAdapter.service(CoyoteAdapter.java:408)
	at org.apache.coyote.http11.AbstractHttp11Processor.process(AbstractHttp11Processor.java:1040)
	at org.apache.coyote.AbstractProtocol$AbstractConnectionHandler.process(AbstractProtocol.java:607)
	at org.apache.tomcat.util.net.JIoEndpoint$SocketProcessor.run(JIoEndpoint.java:315)
	at java.util.concurrent.ThreadPoolExecutor.runWorker(ThreadPoolExecutor.java:1145)
	at java.util.concurrent.ThreadPoolExecutor$Worker.run(ThreadPoolExecutor.java:615)
	at java.lang.Thread.run(Thread.java:744)

May 06, 2014 2:12:57 AM org.apache.catalina.core.ApplicationContext log
INFO: SessionListener: contextDestroyed()
May 06, 2014 2:12:57 AM org.apache.catalina.core.ApplicationContext log
INFO: ContextListener: contextDestroyed()
May 06, 2014 2:13:00 AM org.apache.catalina.core.ApplicationContext log
INFO: ContextListener: contextInitialized()
May 06, 2014 2:13:00 AM org.apache.catalina.core.ApplicationContext log
INFO: SessionListener: contextInitialized()
May 06, 2014 2:13:00 AM org.apache.catalina.core.ApplicationContext log
INFO: ContextListener: attributeAdded('org.apache.jasper.compiler.TldLocationsCache', 'org.apache.jasper.compiler.TldLocationsCache@73bb3cc')
May 06, 2014 2:13:53 AM org.apache.catalina.core.ApplicationContext log
INFO: SessionListener: contextDestroyed()
May 06, 2014 2:13:53 AM org.apache.catalina.core.ApplicationContext log
INFO: ContextListener: contextDestroyed()
May 06, 2014 2:13:55 AM org.apache.catalina.core.ApplicationContext log
INFO: ContextListener: contextInitialized()
May 06, 2014 2:13:55 AM org.apache.catalina.core.ApplicationContext log
INFO: SessionListener: contextInitialized()
May 06, 2014 2:13:55 AM org.apache.catalina.core.ApplicationContext log
INFO: ContextListener: attributeAdded('org.apache.jasper.compiler.TldLocationsCache', 'org.apache.jasper.compiler.TldLocationsCache@77bea855')
May 06, 2014 2:14:50 AM org.apache.catalina.core.ApplicationContext log
INFO: SessionListener: contextDestroyed()
May 06, 2014 2:14:50 AM org.apache.catalina.core.ApplicationContext log
INFO: ContextListener: contextDestroyed()
May 06, 2014 2:14:52 AM org.apache.catalina.core.ApplicationContext log
INFO: ContextListener: contextInitialized()
May 06, 2014 2:14:52 AM org.apache.catalina.core.ApplicationContext log
INFO: SessionListener: contextInitialized()
May 06, 2014 2:14:52 AM org.apache.catalina.core.ApplicationContext log
INFO: ContextListener: attributeAdded('org.apache.jasper.compiler.TldLocationsCache', 'org.apache.jasper.compiler.TldLocationsCache@5f863180')
May 06, 2014 4:01:55 AM org.apache.catalina.core.ApplicationContext log
INFO: SessionListener: contextDestroyed()
May 06, 2014 4:01:55 AM org.apache.catalina.core.ApplicationContext log
INFO: ContextListener: contextDestroyed()
May 06, 2014 4:01:57 AM org.apache.catalina.core.ApplicationContext log
INFO: ContextListener: contextInitialized()
May 06, 2014 4:01:57 AM org.apache.catalina.core.ApplicationContext log
INFO: SessionListener: contextInitialized()
May 06, 2014 4:01:57 AM org.apache.catalina.core.ApplicationContext log
INFO: ContextListener: attributeAdded('org.apache.jasper.compiler.TldLocationsCache', 'org.apache.jasper.compiler.TldLocationsCache@2c511dde')
May 06, 2014 4:02:52 AM org.apache.catalina.core.ApplicationContext log
INFO: SessionListener: contextDestroyed()
May 06, 2014 4:02:52 AM org.apache.catalina.core.ApplicationContext log
INFO: ContextListener: contextDestroyed()
May 06, 2014 4:02:54 AM org.apache.catalina.core.ApplicationContext log
INFO: ContextListener: contextInitialized()
May 06, 2014 4:02:54 AM org.apache.catalina.core.ApplicationContext log
INFO: SessionListener: contextInitialized()
May 06, 2014 4:02:54 AM org.apache.catalina.core.ApplicationContext log
INFO: ContextListener: attributeAdded('org.apache.jasper.compiler.TldLocationsCache', 'org.apache.jasper.compiler.TldLocationsCache@1c100951')
May 06, 2014 4:04:34 AM org.apache.catalina.core.ApplicationContext log
INFO: SessionListener: contextDestroyed()
May 06, 2014 4:04:34 AM org.apache.catalina.core.ApplicationContext log
INFO: ContextListener: contextDestroyed()
May 06, 2014 4:04:36 AM org.apache.catalina.core.ApplicationContext log
INFO: ContextListener: contextInitialized()
May 06, 2014 4:04:36 AM org.apache.catalina.core.ApplicationContext log
INFO: SessionListener: contextInitialized()
May 06, 2014 4:04:36 AM org.apache.catalina.core.ApplicationContext log
INFO: ContextListener: attributeAdded('org.apache.jasper.compiler.TldLocationsCache', 'org.apache.jasper.compiler.TldLocationsCache@50756f9c')
May 06, 2014 4:04:59 AM org.apache.catalina.core.ApplicationContext log
INFO: SessionListener: contextDestroyed()
May 06, 2014 4:04:59 AM org.apache.catalina.core.ApplicationContext log
INFO: ContextListener: contextDestroyed()
May 06, 2014 4:05:01 AM org.apache.catalina.core.ApplicationContext log
INFO: ContextListener: contextInitialized()
May 06, 2014 4:05:01 AM org.apache.catalina.core.ApplicationContext log
INFO: SessionListener: contextInitialized()
May 06, 2014 4:05:01 AM org.apache.catalina.core.ApplicationContext log
INFO: ContextListener: attributeAdded('org.apache.jasper.compiler.TldLocationsCache', 'org.apache.jasper.compiler.TldLocationsCache@6b3c7e04')
May 06, 2014 4:05:16 AM org.apache.catalina.core.ApplicationContext log
INFO: SessionListener: contextDestroyed()
May 06, 2014 4:05:16 AM org.apache.catalina.core.ApplicationContext log
INFO: ContextListener: contextDestroyed()
May 06, 2014 4:05:18 AM org.apache.catalina.core.ApplicationContext log
INFO: ContextListener: contextInitialized()
May 06, 2014 4:05:18 AM org.apache.catalina.core.ApplicationContext log
INFO: SessionListener: contextInitialized()
May 06, 2014 4:05:18 AM org.apache.catalina.core.ApplicationContext log
INFO: ContextListener: attributeAdded('org.apache.jasper.compiler.TldLocationsCache', 'org.apache.jasper.compiler.TldLocationsCache@78eeaf20')
May 06, 2014 4:06:03 AM org.apache.catalina.core.ApplicationContext log
INFO: SessionListener: contextDestroyed()
May 06, 2014 4:06:03 AM org.apache.catalina.core.ApplicationContext log
INFO: ContextListener: contextDestroyed()
May 06, 2014 4:06:05 AM org.apache.catalina.core.ApplicationContext log
INFO: ContextListener: contextInitialized()
May 06, 2014 4:06:05 AM org.apache.catalina.core.ApplicationContext log
INFO: SessionListener: contextInitialized()
May 06, 2014 4:06:05 AM org.apache.catalina.core.ApplicationContext log
INFO: ContextListener: attributeAdded('org.apache.jasper.compiler.TldLocationsCache', 'org.apache.jasper.compiler.TldLocationsCache@50756f9c')
May 06, 2014 4:08:38 AM org.apache.catalina.core.ApplicationContext log
INFO: SessionListener: contextDestroyed()
May 06, 2014 4:08:38 AM org.apache.catalina.core.ApplicationContext log
INFO: ContextListener: contextDestroyed()
May 06, 2014 4:08:58 AM org.apache.catalina.core.ApplicationContext log
INFO: ContextListener: contextInitialized()
May 06, 2014 4:08:58 AM org.apache.catalina.core.ApplicationContext log
INFO: SessionListener: contextInitialized()
May 06, 2014 4:08:58 AM org.apache.catalina.core.ApplicationContext log
INFO: ContextListener: attributeAdded('org.apache.jasper.compiler.TldLocationsCache', 'org.apache.jasper.compiler.TldLocationsCache@1fd7f37d')
May 06, 2014 4:14:41 AM org.apache.catalina.core.ApplicationContext log
INFO: SessionListener: contextDestroyed()
May 06, 2014 4:14:41 AM org.apache.catalina.core.ApplicationContext log
INFO: ContextListener: contextDestroyed()
May 06, 2014 4:14:46 AM org.apache.catalina.core.ApplicationContext log
INFO: ContextListener: contextInitialized()
May 06, 2014 4:14:46 AM org.apache.catalina.core.ApplicationContext log
INFO: SessionListener: contextInitialized()
May 06, 2014 4:14:46 AM org.apache.catalina.core.ApplicationContext log
INFO: ContextListener: attributeAdded('org.apache.jasper.compiler.TldLocationsCache', 'org.apache.jasper.compiler.TldLocationsCache@722d5f24')
May 06, 2014 4:15:54 AM org.apache.catalina.core.ApplicationContext log
INFO: SessionListener: contextDestroyed()
May 06, 2014 4:15:54 AM org.apache.catalina.core.ApplicationContext log
INFO: ContextListener: contextDestroyed()
May 06, 2014 4:16:07 AM org.apache.catalina.core.ApplicationContext log
INFO: ContextListener: contextInitialized()
May 06, 2014 4:16:07 AM org.apache.catalina.core.ApplicationContext log
INFO: SessionListener: contextInitialized()
May 06, 2014 4:16:07 AM org.apache.catalina.core.ApplicationContext log
INFO: ContextListener: attributeAdded('org.apache.jasper.compiler.TldLocationsCache', 'org.apache.jasper.compiler.TldLocationsCache@6061bb01')
May 06, 2014 4:29:21 AM org.apache.catalina.core.ApplicationContext log
INFO: SessionListener: contextDestroyed()
May 06, 2014 4:29:21 AM org.apache.catalina.core.ApplicationContext log
INFO: ContextListener: contextDestroyed()
